

Started GET "/photos" for 127.0.0.1 at Fri Sep 16 00:26:18 +0200 2011
  Processing by PhotosController#index as HTML
Completed 500 Internal Server Error in 1ms

ActiveRecord::StatementInvalid (Could not find table 'photos'):
  app/controllers/photos_controller.rb:15:in `index'

Rendered /Library/Ruby/Gems/1.8/gems/actionpack-3.1.0/lib/action_dispatch/middleware/templates/rescues/_trace.erb (1.8ms)
Rendered /Library/Ruby/Gems/1.8/gems/actionpack-3.1.0/lib/action_dispatch/middleware/templates/rescues/_request_and_response.erb (1.2ms)
Rendered /Library/Ruby/Gems/1.8/gems/actionpack-3.1.0/lib/action_dispatch/middleware/templates/rescues/diagnostics.erb within rescues/layout (10.6ms)
  [1m[36m (0.0ms)[0m  [1mselect sqlite_version(*)[0m
  [1m[35m (2.3ms)[0m  CREATE TABLE "schema_migrations" ("version" varchar(255) NOT NULL) 
  [1m[36m (0.1ms)[0m  [1mPRAGMA index_list("schema_migrations")[0m
  [1m[35m (3.0ms)[0m  CREATE UNIQUE INDEX "unique_schema_migrations" ON "schema_migrations" ("version")
  [1m[36m (0.1ms)[0m  [1mSELECT "schema_migrations"."version" FROM "schema_migrations" [0m
Migrating to CreatePhotos (20110218224234)
  [1m[35m (0.6ms)[0m  CREATE TABLE "photos" ("id" INTEGER PRIMARY KEY AUTOINCREMENT NOT NULL, "description" varchar(255), "created_at" datetime, "updated_at" datetime) 
  [1m[36m (0.1ms)[0m  [1mINSERT INTO "schema_migrations" ("version") VALUES ('20110218224234')[0m
Migrating to AddAttachmentImageToPhoto (20110218232056)
  [1m[35m (21.7ms)[0m  ALTER TABLE "photos" ADD "image_file_name" varchar(255)
  [1m[36m (0.2ms)[0m  [1mALTER TABLE "photos" ADD "image_content_type" varchar(255)[0m
  [1m[35m (0.2ms)[0m  ALTER TABLE "photos" ADD "image_file_size" integer
  [1m[36m (0.1ms)[0m  [1mALTER TABLE "photos" ADD "image_updated_at" datetime[0m
  [1m[35m (0.1ms)[0m  INSERT INTO "schema_migrations" ("version") VALUES ('20110218232056')
  [1m[36m (0.1ms)[0m  [1mselect sqlite_version(*)[0m
  [1m[35m (0.1ms)[0m  SELECT "schema_migrations"."version" FROM "schema_migrations" 
  [1m[36m (0.0ms)[0m  [1mPRAGMA index_list("photos")[0m


Started GET "/photos" for 127.0.0.1 at Fri Sep 16 00:27:42 +0200 2011
  Processing by PhotosController#index as HTML
  [1m[36mPhoto Load (0.2ms)[0m  [1mSELECT "photos".* FROM "photos" [0m
Rendered photos/index.html.erb within layouts/application (2.7ms)
Completed 200 OK in 94ms (Views: 92.9ms | ActiveRecord: 0.2ms)


Started GET "/assets/all.css" for 127.0.0.1 at Fri Sep 16 00:27:42 +0200 2011
Served asset /all.css - 404 Not Found (0ms)

ActionController::RoutingError (No route matches [GET] "/assets/all.css"):
  

Rendered /Library/Ruby/Gems/1.8/gems/actionpack-3.1.0/lib/action_dispatch/middleware/templates/rescues/routing_error.erb within rescues/layout (0.7ms)


Started GET "/assets/defaults.js" for 127.0.0.1 at Fri Sep 16 00:27:42 +0200 2011
Served asset /defaults.js - 404 Not Found (0ms)

ActionController::RoutingError (No route matches [GET] "/assets/defaults.js"):
  

Rendered /Library/Ruby/Gems/1.8/gems/actionpack-3.1.0/lib/action_dispatch/middleware/templates/rescues/routing_error.erb within rescues/layout (0.6ms)


Started GET "/assets/webcam.js" for 127.0.0.1 at Fri Sep 16 00:27:42 +0200 2011
Served asset /webcam.js - 404 Not Found (0ms)

ActionController::RoutingError (No route matches [GET] "/assets/webcam.js"):
  

Rendered /Library/Ruby/Gems/1.8/gems/actionpack-3.1.0/lib/action_dispatch/middleware/templates/rescues/routing_error.erb within rescues/layout (0.6ms)


Started GET "/photos/new" for 127.0.0.1 at Fri Sep 16 00:27:45 +0200 2011
  Processing by PhotosController#new as HTML
Rendered photos/new.html.erb within layouts/application (12.2ms)
Completed 200 OK in 22ms (Views: 21.2ms | ActiveRecord: 0.3ms)


Started GET "/assets/all.css" for 127.0.0.1 at Fri Sep 16 00:27:45 +0200 2011
Served asset /all.css - 404 Not Found (0ms)

ActionController::RoutingError (No route matches [GET] "/assets/all.css"):
  

Rendered /Library/Ruby/Gems/1.8/gems/actionpack-3.1.0/lib/action_dispatch/middleware/templates/rescues/routing_error.erb within rescues/layout (0.6ms)


Started GET "/assets/webcam.js" for 127.0.0.1 at Fri Sep 16 00:27:45 +0200 2011
Served asset /webcam.js - 404 Not Found (0ms)

ActionController::RoutingError (No route matches [GET] "/assets/webcam.js"):
  

Rendered /Library/Ruby/Gems/1.8/gems/actionpack-3.1.0/lib/action_dispatch/middleware/templates/rescues/routing_error.erb within rescues/layout (0.6ms)


Started GET "/assets/defaults.js" for 127.0.0.1 at Fri Sep 16 00:27:45 +0200 2011
Served asset /defaults.js - 404 Not Found (0ms)

ActionController::RoutingError (No route matches [GET] "/assets/defaults.js"):
  

Rendered /Library/Ruby/Gems/1.8/gems/actionpack-3.1.0/lib/action_dispatch/middleware/templates/rescues/routing_error.erb within rescues/layout (0.6ms)


Started GET "/assets/webcam.js" for 127.0.0.1 at Fri Sep 16 00:27:45 +0200 2011
Served asset /webcam.js - 404 Not Found (0ms)

ActionController::RoutingError (No route matches [GET] "/assets/webcam.js"):
  

Rendered /Library/Ruby/Gems/1.8/gems/actionpack-3.1.0/lib/action_dispatch/middleware/templates/rescues/routing_error.erb within rescues/layout (0.7ms)


Started GET "/" for 127.0.0.1 at Fri Sep 16 00:30:57 +0200 2011


Started GET "/photos" for 127.0.0.1 at Fri Sep 16 00:30:57 +0200 2011
  Processing by PhotosController#index as HTML
  [1m[36mPhoto Load (0.2ms)[0m  [1mSELECT "photos".* FROM "photos" [0m
Rendered photos/index.html.erb within layouts/application (3.8ms)
Compiled webcam.js  (0ms)  (pid 55402)
Completed 200 OK in 96ms (Views: 94.2ms | ActiveRecord: 0.2ms)


Started GET "/assets/all.css" for 127.0.0.1 at Fri Sep 16 00:30:58 +0200 2011
Served asset /all.css - 404 Not Found (9ms)

ActionController::RoutingError (No route matches [GET] "/assets/all.css"):
  

Rendered /Library/Ruby/Gems/1.8/gems/actionpack-3.1.0/lib/action_dispatch/middleware/templates/rescues/routing_error.erb within rescues/layout (0.6ms)


Started GET "/assets/defaults.js" for 127.0.0.1 at Fri Sep 16 00:30:58 +0200 2011
Served asset /defaults.js - 404 Not Found (2ms)

ActionController::RoutingError (No route matches [GET] "/assets/defaults.js"):
  

Rendered /Library/Ruby/Gems/1.8/gems/actionpack-3.1.0/lib/action_dispatch/middleware/templates/rescues/routing_error.erb within rescues/layout (0.6ms)


Started GET "/assets/webcam.js?body=1" for 127.0.0.1 at Fri Sep 16 00:30:58 +0200 2011
Served asset /webcam.js - 200 OK (2ms)


Started GET "/photos/new" for 127.0.0.1 at Fri Sep 16 00:31:00 +0200 2011
  Processing by PhotosController#new as HTML
Rendered photos/new.html.erb within layouts/application (12.7ms)
Completed 200 OK in 26ms (Views: 25.4ms | ActiveRecord: 0.3ms)


Started GET "/assets/defaults.js" for 127.0.0.1 at Fri Sep 16 00:31:00 +0200 2011
Served asset /defaults.js - 404 Not Found (4ms)

ActionController::RoutingError (No route matches [GET] "/assets/defaults.js"):
  

Rendered /Library/Ruby/Gems/1.8/gems/actionpack-3.1.0/lib/action_dispatch/middleware/templates/rescues/routing_error.erb within rescues/layout (0.6ms)


Started GET "/assets/all.css" for 127.0.0.1 at Fri Sep 16 00:31:00 +0200 2011
Served asset /all.css - 404 Not Found (2ms)

ActionController::RoutingError (No route matches [GET] "/assets/all.css"):
  

Rendered /Library/Ruby/Gems/1.8/gems/actionpack-3.1.0/lib/action_dispatch/middleware/templates/rescues/routing_error.erb within rescues/layout (0.6ms)


Started GET "/assets/webcam.js?body=1" for 127.0.0.1 at Fri Sep 16 00:31:00 +0200 2011
Served asset /webcam.js - 304 Not Modified (0ms)


Started GET "/photos/new" for 127.0.0.1 at Fri Sep 16 00:32:26 +0200 2011
  Processing by PhotosController#new as HTML
Rendered photos/new.html.erb within layouts/application (9.1ms)
Completed 200 OK in 94ms (Views: 92.9ms | ActiveRecord: 0.3ms)


Started GET "/assets/all.css" for 127.0.0.1 at Fri Sep 16 00:32:26 +0200 2011
Served asset /all.css - 404 Not Found (2ms)

ActionController::RoutingError (No route matches [GET] "/assets/all.css"):
  

Rendered /Library/Ruby/Gems/1.8/gems/actionpack-3.1.0/lib/action_dispatch/middleware/templates/rescues/routing_error.erb within rescues/layout (0.6ms)


Started GET "/assets/defaults.js" for 127.0.0.1 at Fri Sep 16 00:32:26 +0200 2011
Served asset /defaults.js - 404 Not Found (2ms)

ActionController::RoutingError (No route matches [GET] "/assets/defaults.js"):
  

Rendered /Library/Ruby/Gems/1.8/gems/actionpack-3.1.0/lib/action_dispatch/middleware/templates/rescues/routing_error.erb within rescues/layout (0.6ms)


Started GET "/assets/webcam.js?body=1" for 127.0.0.1 at Fri Sep 16 00:32:26 +0200 2011
Served asset /webcam.js - 304 Not Modified (0ms)


Started GET "/photos/new" for 127.0.0.1 at Fri Sep 16 00:32:35 +0200 2011
  Processing by PhotosController#new as HTML
Rendered photos/new.html.erb within layouts/application (14.5ms)
Completed 200 OK in 103ms (Views: 102.2ms | ActiveRecord: 0.2ms)


Started GET "/assets/all.css" for 127.0.0.1 at Fri Sep 16 00:32:36 +0200 2011
Served asset /all.css - 404 Not Found (2ms)

ActionController::RoutingError (No route matches [GET] "/assets/all.css"):
  

Rendered /Library/Ruby/Gems/1.8/gems/actionpack-3.1.0/lib/action_dispatch/middleware/templates/rescues/routing_error.erb within rescues/layout (0.6ms)


Started GET "/assets/defaults.js" for 127.0.0.1 at Fri Sep 16 00:32:36 +0200 2011
Served asset /defaults.js - 404 Not Found (2ms)

ActionController::RoutingError (No route matches [GET] "/assets/defaults.js"):
  

Rendered /Library/Ruby/Gems/1.8/gems/actionpack-3.1.0/lib/action_dispatch/middleware/templates/rescues/routing_error.erb within rescues/layout (0.6ms)


Started GET "/assets/webcam.js?body=1" for 127.0.0.1 at Fri Sep 16 00:32:36 +0200 2011
Served asset /webcam.js - 304 Not Modified (0ms)


Started GET "/photos/new" for 127.0.0.1 at Fri Sep 16 00:33:08 +0200 2011
  Processing by PhotosController#new as HTML
Rendered photos/new.html.erb within layouts/application (8.9ms)
Completed 500 Internal Server Error in 48ms

ActionView::Template::Error (couldn't find file 'jquery'
  (in /Users/lassebunk/dev/web/webcam_app2/app/assets/javascripts/application.js:1)):
    3: <head>
    4:   <title>WebcamApp</title>
    5:   <%= stylesheet_link_tag :application %>
    6:   <%= javascript_include_tag :application %>
    7:   <%= csrf_meta_tag %>
    8: </head>
    9: <body>
  app/views/layouts/application.html.erb:6:in `_app_views_layouts_application_html_erb__2139778340_2201042360'

Rendered /Library/Ruby/Gems/1.8/gems/actionpack-3.1.0/lib/action_dispatch/middleware/templates/rescues/_trace.erb (1.7ms)
Rendered /Library/Ruby/Gems/1.8/gems/actionpack-3.1.0/lib/action_dispatch/middleware/templates/rescues/_request_and_response.erb (1.0ms)
Rendered /Library/Ruby/Gems/1.8/gems/actionpack-3.1.0/lib/action_dispatch/middleware/templates/rescues/template_error.erb within rescues/layout (5.7ms)


Started GET "/photos/new" for 127.0.0.1 at Fri Sep 16 00:34:54 +0200 2011
  Processing by PhotosController#new as HTML
Rendered photos/new.html.erb within layouts/application (75.3ms)
Compiled application.css  (1ms)  (pid 55493)
Compiled application.js  (5ms)  (pid 55493)
Compiled jquery.js  (292ms)  (pid 55493)
Compiled jquery_ujs.js  (19ms)  (pid 55493)
Completed 200 OK in 439ms (Views: 438.1ms | ActiveRecord: 0.3ms)


Started GET "/assets/application.css?body=1" for 127.0.0.1 at Fri Sep 16 00:34:55 +0200 2011
Served asset /application.css - 200 OK (4ms)


Started GET "/assets/jquery.js?body=1" for 127.0.0.1 at Fri Sep 16 00:34:55 +0200 2011
Served asset /jquery.js - 304 Not Modified (5ms)


Started GET "/assets/jquery_ujs.js?body=1" for 127.0.0.1 at Fri Sep 16 00:34:55 +0200 2011
Served asset /jquery_ujs.js - 304 Not Modified (2ms)


Started GET "/assets/webcam.js?body=1" for 127.0.0.1 at Fri Sep 16 00:34:55 +0200 2011
Served asset /webcam.js - 304 Not Modified (2ms)


Started GET "/assets/application.js?body=1" for 127.0.0.1 at Fri Sep 16 00:34:55 +0200 2011
Served asset /application.js - 200 OK (5ms)


Started GET "/photos/new" for 127.0.0.1 at Fri Sep 16 00:35:27 +0200 2011
  Processing by PhotosController#new as HTML
Rendered photos/new.html.erb within layouts/application (9.0ms)
Completed 200 OK in 88ms (Views: 86.6ms | ActiveRecord: 0.3ms)


Started GET "/assets/application.css?body=1" for 127.0.0.1 at Fri Sep 16 00:35:27 +0200 2011
Served asset /application.css - 304 Not Modified (0ms)


Started GET "/assets/jquery.js?body=1" for 127.0.0.1 at Fri Sep 16 00:35:27 +0200 2011
Served asset /jquery.js - 304 Not Modified (0ms)


Started GET "/assets/jquery_ujs.js?body=1" for 127.0.0.1 at Fri Sep 16 00:35:27 +0200 2011
Served asset /jquery_ujs.js - 304 Not Modified (0ms)


Started GET "/assets/webcam.js?body=1" for 127.0.0.1 at Fri Sep 16 00:35:27 +0200 2011
Served asset /webcam.js - 304 Not Modified (0ms)


Started GET "/assets/application.js?body=1" for 127.0.0.1 at Fri Sep 16 00:35:27 +0200 2011
Served asset /application.js - 304 Not Modified (0ms)


Started GET "/photos/new" for 127.0.0.1 at Fri Sep 16 00:36:02 +0200 2011
  Processing by PhotosController#new as HTML
Rendered photos/new.html.erb within layouts/application (9.5ms)
Completed 200 OK in 18ms (Views: 17.5ms | ActiveRecord: 0.3ms)


Started GET "/assets/application.css?body=1" for 127.0.0.1 at Fri Sep 16 00:36:02 +0200 2011
Served asset /application.css - 304 Not Modified (0ms)


Started GET "/assets/jquery.js?body=1" for 127.0.0.1 at Fri Sep 16 00:36:02 +0200 2011
Served asset /jquery.js - 304 Not Modified (0ms)


Started GET "/assets/jquery_ujs.js?body=1" for 127.0.0.1 at Fri Sep 16 00:36:02 +0200 2011
Served asset /jquery_ujs.js - 304 Not Modified (0ms)


Started GET "/assets/webcam.js?body=1" for 127.0.0.1 at Fri Sep 16 00:36:02 +0200 2011
Served asset /webcam.js - 304 Not Modified (0ms)


Started GET "/assets/application.js?body=1" for 127.0.0.1 at Fri Sep 16 00:36:02 +0200 2011
Served asset /application.js - 304 Not Modified (0ms)


Started GET "/photos/new" for 127.0.0.1 at Fri Sep 16 00:36:04 +0200 2011
  Processing by PhotosController#new as HTML
Rendered photos/new.html.erb within layouts/application (8.8ms)
Completed 200 OK in 21ms (Views: 20.1ms | ActiveRecord: 0.3ms)


Started GET "/assets/application.css?body=1" for 127.0.0.1 at Fri Sep 16 00:36:04 +0200 2011
Served asset /application.css - 304 Not Modified (0ms)


Started GET "/assets/jquery_ujs.js?body=1" for 127.0.0.1 at Fri Sep 16 00:36:04 +0200 2011
Served asset /jquery_ujs.js - 304 Not Modified (0ms)


Started GET "/assets/jquery.js?body=1" for 127.0.0.1 at Fri Sep 16 00:36:04 +0200 2011
Served asset /jquery.js - 304 Not Modified (0ms)


Started GET "/assets/webcam.js?body=1" for 127.0.0.1 at Fri Sep 16 00:36:04 +0200 2011
Served asset /webcam.js - 304 Not Modified (0ms)


Started GET "/assets/application.js?body=1" for 127.0.0.1 at Fri Sep 16 00:36:04 +0200 2011
Served asset /application.js - 304 Not Modified (0ms)


Started GET "/photos/new" for 127.0.0.1 at Fri Sep 16 00:36:20 +0200 2011
  Processing by PhotosController#new as HTML
Rendered photos/new.html.erb within layouts/application (10.2ms)
Completed 200 OK in 20ms (Views: 18.8ms | ActiveRecord: 0.3ms)


Started GET "/assets/application.css?body=1" for 127.0.0.1 at Fri Sep 16 00:36:20 +0200 2011
Served asset /application.css - 304 Not Modified (0ms)


Started GET "/assets/jquery.js?body=1" for 127.0.0.1 at Fri Sep 16 00:36:20 +0200 2011
Served asset /jquery.js - 304 Not Modified (0ms)


Started GET "/assets/jquery_ujs.js?body=1" for 127.0.0.1 at Fri Sep 16 00:36:20 +0200 2011
Served asset /jquery_ujs.js - 304 Not Modified (0ms)


Started GET "/assets/webcam.js?body=1" for 127.0.0.1 at Fri Sep 16 00:36:20 +0200 2011
Served asset /webcam.js - 304 Not Modified (0ms)


Started GET "/assets/application.js?body=1" for 127.0.0.1 at Fri Sep 16 00:36:20 +0200 2011
Served asset /application.js - 304 Not Modified (0ms)


Started GET "/photos/new" for 127.0.0.1 at Fri Sep 16 00:36:45 +0200 2011
  Processing by PhotosController#new as HTML
Rendered photos/new.html.erb within layouts/application (9.4ms)
Completed 200 OK in 18ms (Views: 17.0ms | ActiveRecord: 0.3ms)


Started GET "/assets/webcam.js?body=1" for 127.0.0.1 at Fri Sep 16 00:36:45 +0200 2011
Served asset /webcam.js - 304 Not Modified (0ms)


Started GET "/assets/application.css?body=1" for 127.0.0.1 at Fri Sep 16 00:36:45 +0200 2011
Served asset /application.css - 304 Not Modified (0ms)


Started GET "/assets/application.js?body=1" for 127.0.0.1 at Fri Sep 16 00:36:45 +0200 2011
Served asset /application.js - 304 Not Modified (0ms)


Started GET "/assets/jquery_ujs.js?body=1" for 127.0.0.1 at Fri Sep 16 00:36:45 +0200 2011
Served asset /jquery_ujs.js - 304 Not Modified (0ms)


Started GET "/assets/jquery.js?body=1" for 127.0.0.1 at Fri Sep 16 00:36:45 +0200 2011
Served asset /jquery.js - 304 Not Modified (0ms)


Started GET "/photos/new" for 127.0.0.1 at Fri Sep 16 00:36:47 +0200 2011
  Processing by PhotosController#new as HTML
Rendered photos/new.html.erb within layouts/application (77.2ms)
Completed 200 OK in 89ms (Views: 88.3ms | ActiveRecord: 0.3ms)


Started GET "/assets/application.css?body=1" for 127.0.0.1 at Fri Sep 16 00:36:47 +0200 2011
Served asset /application.css - 304 Not Modified (0ms)


Started GET "/assets/jquery.js?body=1" for 127.0.0.1 at Fri Sep 16 00:36:47 +0200 2011
Served asset /jquery.js - 304 Not Modified (0ms)


Started GET "/assets/webcam.js?body=1" for 127.0.0.1 at Fri Sep 16 00:36:47 +0200 2011
Served asset /webcam.js - 304 Not Modified (0ms)


Started GET "/assets/jquery_ujs.js?body=1" for 127.0.0.1 at Fri Sep 16 00:36:47 +0200 2011
Served asset /jquery_ujs.js - 304 Not Modified (0ms)


Started GET "/assets/application.js?body=1" for 127.0.0.1 at Fri Sep 16 00:36:47 +0200 2011
Served asset /application.js - 304 Not Modified (0ms)


Started GET "/photos/new" for 127.0.0.1 at Fri Sep 16 00:36:48 +0200 2011
  Processing by PhotosController#new as HTML
Rendered photos/new.html.erb within layouts/application (9.1ms)
Completed 200 OK in 21ms (Views: 19.8ms | ActiveRecord: 0.3ms)


Started GET "/assets/application.css?body=1" for 127.0.0.1 at Fri Sep 16 00:36:48 +0200 2011
Served asset /application.css - 304 Not Modified (0ms)


Started GET "/assets/jquery.js?body=1" for 127.0.0.1 at Fri Sep 16 00:36:48 +0200 2011
Served asset /jquery.js - 304 Not Modified (0ms)


Started GET "/assets/webcam.js?body=1" for 127.0.0.1 at Fri Sep 16 00:36:48 +0200 2011
Served asset /webcam.js - 304 Not Modified (0ms)


Started GET "/assets/jquery_ujs.js?body=1" for 127.0.0.1 at Fri Sep 16 00:36:48 +0200 2011
Served asset /jquery_ujs.js - 304 Not Modified (0ms)


Started GET "/assets/application.js?body=1" for 127.0.0.1 at Fri Sep 16 00:36:48 +0200 2011
Served asset /application.js - 304 Not Modified (0ms)


Started GET "/photos/new" for 127.0.0.1 at Fri Sep 16 00:37:07 +0200 2011
  Processing by PhotosController#new as HTML
Rendered photos/new.html.erb within layouts/application (9.7ms)
Completed 200 OK in 19ms (Views: 17.8ms | ActiveRecord: 0.2ms)


Started GET "/assets/application.css?body=1" for 127.0.0.1 at Fri Sep 16 00:37:07 +0200 2011
Served asset /application.css - 304 Not Modified (0ms)


Started GET "/assets/jquery.js?body=1" for 127.0.0.1 at Fri Sep 16 00:37:07 +0200 2011
Served asset /jquery.js - 304 Not Modified (0ms)


Started GET "/assets/jquery_ujs.js?body=1" for 127.0.0.1 at Fri Sep 16 00:37:07 +0200 2011
Served asset /jquery_ujs.js - 304 Not Modified (0ms)


Started GET "/assets/webcam.js?body=1" for 127.0.0.1 at Fri Sep 16 00:37:07 +0200 2011
Served asset /webcam.js - 304 Not Modified (0ms)


Started GET "/assets/application.js?body=1" for 127.0.0.1 at Fri Sep 16 00:37:07 +0200 2011
Served asset /application.js - 304 Not Modified (0ms)


Started POST "/photos/upload" for 127.0.0.1 at Fri Sep 16 00:37:17 +0200 2011
  Processing by PhotosController#upload as HTML
WARNING: Can't verify CSRF token authenticity
Completed 500 Internal Server Error in 2ms

NameError (uninitialized constant PhotosController::RAILS_ROOT):
  app/controllers/photos_controller.rb:29:in `upload_path'
  app/controllers/photos_controller.rb:19:in `upload'

Rendered /Library/Ruby/Gems/1.8/gems/actionpack-3.1.0/lib/action_dispatch/middleware/templates/rescues/_trace.erb (1.4ms)
Rendered /Library/Ruby/Gems/1.8/gems/actionpack-3.1.0/lib/action_dispatch/middleware/templates/rescues/_request_and_response.erb (0.9ms)
Rendered /Library/Ruby/Gems/1.8/gems/actionpack-3.1.0/lib/action_dispatch/middleware/templates/rescues/diagnostics.erb within rescues/layout (5.1ms)


Started GET "/photos/new" for 127.0.0.1 at Fri Sep 16 00:37:38 +0200 2011
  Processing by PhotosController#new as HTML
Rendered photos/new.html.erb within layouts/application (9.3ms)
Completed 200 OK in 19ms (Views: 17.6ms | ActiveRecord: 0.3ms)


Started GET "/assets/application.css?body=1" for 127.0.0.1 at Fri Sep 16 00:37:39 +0200 2011
Served asset /application.css - 304 Not Modified (0ms)


Started GET "/assets/jquery.js?body=1" for 127.0.0.1 at Fri Sep 16 00:37:39 +0200 2011
Served asset /jquery.js - 304 Not Modified (0ms)


Started GET "/assets/jquery_ujs.js?body=1" for 127.0.0.1 at Fri Sep 16 00:37:39 +0200 2011
Served asset /jquery_ujs.js - 304 Not Modified (0ms)


Started GET "/assets/webcam.js?body=1" for 127.0.0.1 at Fri Sep 16 00:37:39 +0200 2011
Served asset /webcam.js - 304 Not Modified (0ms)


Started GET "/assets/application.js?body=1" for 127.0.0.1 at Fri Sep 16 00:37:39 +0200 2011
Served asset /application.js - 304 Not Modified (0ms)


Started POST "/photos/upload" for 127.0.0.1 at Fri Sep 16 00:37:46 +0200 2011
  Processing by PhotosController#upload as HTML
WARNING: Can't verify CSRF token authenticity
Completed 500 Internal Server Error in 1ms

NameError (uninitialized constant PhotosController::RAILS_ROOT):
  app/controllers/photos_controller.rb:29:in `upload_path'
  app/controllers/photos_controller.rb:19:in `upload'

Rendered /Library/Ruby/Gems/1.8/gems/actionpack-3.1.0/lib/action_dispatch/middleware/templates/rescues/_trace.erb (1.8ms)
Rendered /Library/Ruby/Gems/1.8/gems/actionpack-3.1.0/lib/action_dispatch/middleware/templates/rescues/_request_and_response.erb (1.0ms)
Rendered /Library/Ruby/Gems/1.8/gems/actionpack-3.1.0/lib/action_dispatch/middleware/templates/rescues/diagnostics.erb within rescues/layout (5.8ms)


Started GET "/photos/new" for 127.0.0.1 at Fri Sep 16 00:38:27 +0200 2011
  Processing by PhotosController#new as HTML
Rendered photos/new.html.erb within layouts/application (9.8ms)
Completed 200 OK in 19ms (Views: 17.9ms | ActiveRecord: 0.3ms)


Started GET "/assets/application.css?body=1" for 127.0.0.1 at Fri Sep 16 00:38:27 +0200 2011
Served asset /application.css - 304 Not Modified (0ms)


Started GET "/assets/jquery.js?body=1" for 127.0.0.1 at Fri Sep 16 00:38:27 +0200 2011
Served asset /jquery.js - 304 Not Modified (0ms)


Started GET "/assets/jquery_ujs.js?body=1" for 127.0.0.1 at Fri Sep 16 00:38:27 +0200 2011
Served asset /jquery_ujs.js - 304 Not Modified (0ms)


Started GET "/assets/webcam.js?body=1" for 127.0.0.1 at Fri Sep 16 00:38:27 +0200 2011
Served asset /webcam.js - 304 Not Modified (0ms)


Started GET "/assets/application.js?body=1" for 127.0.0.1 at Fri Sep 16 00:38:27 +0200 2011
Served asset /application.js - 304 Not Modified (0ms)


Started POST "/photos/upload" for 127.0.0.1 at Fri Sep 16 00:38:35 +0200 2011
  Processing by PhotosController#upload as HTML
WARNING: Can't verify CSRF token authenticity
Completed 500 Internal Server Error in 1ms

NameError (uninitialized constant PhotosController::RAILS_ROOT):
  app/controllers/photos_controller.rb:29:in `upload_path'
  app/controllers/photos_controller.rb:19:in `upload'

Rendered /Library/Ruby/Gems/1.8/gems/actionpack-3.1.0/lib/action_dispatch/middleware/templates/rescues/_trace.erb (1.4ms)
Rendered /Library/Ruby/Gems/1.8/gems/actionpack-3.1.0/lib/action_dispatch/middleware/templates/rescues/_request_and_response.erb (0.9ms)
Rendered /Library/Ruby/Gems/1.8/gems/actionpack-3.1.0/lib/action_dispatch/middleware/templates/rescues/diagnostics.erb within rescues/layout (4.8ms)


Started GET "/photos/new" for 127.0.0.1 at Fri Sep 16 00:38:46 +0200 2011
  Processing by PhotosController#new as HTML
Rendered photos/new.html.erb within layouts/application (9.9ms)
Completed 200 OK in 95ms (Views: 93.8ms | ActiveRecord: 0.3ms)


Started GET "/assets/application.js?body=1" for 127.0.0.1 at Fri Sep 16 00:38:46 +0200 2011
Served asset /application.js - 304 Not Modified (0ms)


Started GET "/assets/webcam.js?body=1" for 127.0.0.1 at Fri Sep 16 00:38:46 +0200 2011
Served asset /webcam.js - 304 Not Modified (0ms)


Started GET "/assets/jquery_ujs.js?body=1" for 127.0.0.1 at Fri Sep 16 00:38:46 +0200 2011
Served asset /jquery_ujs.js - 304 Not Modified (0ms)


Started GET "/assets/jquery.js?body=1" for 127.0.0.1 at Fri Sep 16 00:38:46 +0200 2011
Served asset /jquery.js - 304 Not Modified (0ms)


Started GET "/assets/application.css?body=1" for 127.0.0.1 at Fri Sep 16 00:38:46 +0200 2011
Served asset /application.css - 304 Not Modified (0ms)


Started GET "/photos/new" for 127.0.0.1 at Fri Sep 16 00:42:00 +0200 2011
  Processing by PhotosController#new as HTML
Rendered photos/new.html.erb within layouts/application (8.8ms)
Completed 200 OK in 17ms (Views: 16.5ms | ActiveRecord: 0.3ms)


Started GET "/assets/application.css?body=1" for 127.0.0.1 at Fri Sep 16 00:42:00 +0200 2011
Served asset /application.css - 304 Not Modified (0ms)


Started GET "/assets/jquery.js?body=1" for 127.0.0.1 at Fri Sep 16 00:42:00 +0200 2011
Served asset /jquery.js - 304 Not Modified (0ms)


Started GET "/assets/jquery_ujs.js?body=1" for 127.0.0.1 at Fri Sep 16 00:42:00 +0200 2011
Served asset /jquery_ujs.js - 304 Not Modified (0ms)


Started GET "/assets/webcam.js?body=1" for 127.0.0.1 at Fri Sep 16 00:42:00 +0200 2011
Served asset /webcam.js - 304 Not Modified (0ms)


Started GET "/assets/application.js?body=1" for 127.0.0.1 at Fri Sep 16 00:42:00 +0200 2011
Served asset /application.js - 304 Not Modified (0ms)


Started POST "/photos/upload" for 127.0.0.1 at Fri Sep 16 00:42:04 +0200 2011
  Processing by PhotosController#upload as HTML
WARNING: Can't verify CSRF token authenticity
Completed 500 Internal Server Error in 1ms

NameError (uninitialized constant PhotosController::RAILS_ROOT):
  app/controllers/photos_controller.rb:29:in `upload_path'
  app/controllers/photos_controller.rb:19:in `upload'

Rendered /Library/Ruby/Gems/1.8/gems/actionpack-3.1.0/lib/action_dispatch/middleware/templates/rescues/_trace.erb (1.8ms)
Rendered /Library/Ruby/Gems/1.8/gems/actionpack-3.1.0/lib/action_dispatch/middleware/templates/rescues/_request_and_response.erb (1.2ms)
Rendered /Library/Ruby/Gems/1.8/gems/actionpack-3.1.0/lib/action_dispatch/middleware/templates/rescues/diagnostics.erb within rescues/layout (6.7ms)


Started GET "/photos/new" for 127.0.0.1 at Fri Sep 16 00:42:21 +0200 2011
  Processing by PhotosController#new as HTML
Rendered photos/new.html.erb within layouts/application (10.2ms)
Completed 200 OK in 19ms (Views: 18.5ms | ActiveRecord: 0.3ms)


Started GET "/assets/application.css?body=1" for 127.0.0.1 at Fri Sep 16 00:42:22 +0200 2011
Served asset /application.css - 304 Not Modified (0ms)


Started GET "/assets/jquery.js?body=1" for 127.0.0.1 at Fri Sep 16 00:42:22 +0200 2011
Served asset /jquery.js - 304 Not Modified (0ms)


Started GET "/assets/webcam.js?body=1" for 127.0.0.1 at Fri Sep 16 00:42:22 +0200 2011
Served asset /webcam.js - 304 Not Modified (0ms)


Started GET "/assets/jquery_ujs.js?body=1" for 127.0.0.1 at Fri Sep 16 00:42:22 +0200 2011
Served asset /jquery_ujs.js - 304 Not Modified (0ms)


Started GET "/assets/application.js?body=1" for 127.0.0.1 at Fri Sep 16 00:42:22 +0200 2011
Served asset /application.js - 304 Not Modified (0ms)


Started POST "/photos/upload" for 127.0.0.1 at Fri Sep 16 00:42:38 +0200 2011
  Processing by PhotosController#upload as HTML
WARNING: Can't verify CSRF token authenticity
Completed 500 Internal Server Error in 1ms

NameError (uninitialized constant PhotosController::RAILS_ROOT):
  app/controllers/photos_controller.rb:29:in `upload_path'
  app/controllers/photos_controller.rb:19:in `upload'

Rendered /Library/Ruby/Gems/1.8/gems/actionpack-3.1.0/lib/action_dispatch/middleware/templates/rescues/_trace.erb (1.7ms)
Rendered /Library/Ruby/Gems/1.8/gems/actionpack-3.1.0/lib/action_dispatch/middleware/templates/rescues/_request_and_response.erb (1.2ms)
Rendered /Library/Ruby/Gems/1.8/gems/actionpack-3.1.0/lib/action_dispatch/middleware/templates/rescues/diagnostics.erb within rescues/layout (5.9ms)


Started GET "/photos/new" for 127.0.0.1 at Fri Sep 16 00:43:33 +0200 2011
  Processing by PhotosController#new as HTML
Rendered photos/new.html.erb within layouts/application (10.8ms)
Completed 200 OK in 22ms (Views: 21.5ms | ActiveRecord: 0.3ms)


Started GET "/assets/application.css?body=1" for 127.0.0.1 at Fri Sep 16 00:43:33 +0200 2011
Served asset /application.css - 304 Not Modified (0ms)


Started GET "/assets/jquery.js?body=1" for 127.0.0.1 at Fri Sep 16 00:43:33 +0200 2011
Served asset /jquery.js - 304 Not Modified (0ms)


Started GET "/assets/jquery_ujs.js?body=1" for 127.0.0.1 at Fri Sep 16 00:43:33 +0200 2011
Served asset /jquery_ujs.js - 304 Not Modified (0ms)


Started GET "/assets/webcam.js?body=1" for 127.0.0.1 at Fri Sep 16 00:43:33 +0200 2011
Served asset /webcam.js - 304 Not Modified (0ms)


Started GET "/assets/application.js?body=1" for 127.0.0.1 at Fri Sep 16 00:43:33 +0200 2011
Served asset /application.js - 304 Not Modified (0ms)


Started POST "/photos/upload" for 127.0.0.1 at Fri Sep 16 00:43:36 +0200 2011
  Processing by PhotosController#upload as HTML
WARNING: Can't verify CSRF token authenticity
Rendered text template (0.0ms)
Completed 200 OK in 213ms (Views: 153.7ms | ActiveRecord: 0.0ms)


Started GET "/photos/new" for 127.0.0.1 at Fri Sep 16 00:43:55 +0200 2011
  Processing by PhotosController#new as HTML
Rendered photos/new.html.erb within layouts/application (9.6ms)
Completed 200 OK in 20ms (Views: 19.4ms | ActiveRecord: 0.3ms)


Started GET "/assets/application.css?body=1" for 127.0.0.1 at Fri Sep 16 00:43:55 +0200 2011
Served asset /application.css - 304 Not Modified (0ms)


Started GET "/assets/jquery.js?body=1" for 127.0.0.1 at Fri Sep 16 00:43:55 +0200 2011
Served asset /jquery.js - 304 Not Modified (0ms)


Started GET "/assets/application.js?body=1" for 127.0.0.1 at Fri Sep 16 00:43:55 +0200 2011
Served asset /application.js - 304 Not Modified (0ms)


Started GET "/assets/webcam.js?body=1" for 127.0.0.1 at Fri Sep 16 00:43:55 +0200 2011
Served asset /webcam.js - 304 Not Modified (0ms)


Started GET "/assets/jquery_ujs.js?body=1" for 127.0.0.1 at Fri Sep 16 00:43:55 +0200 2011
Served asset /jquery_ujs.js - 304 Not Modified (0ms)


Started POST "/photos/upload" for 127.0.0.1 at Fri Sep 16 00:44:04 +0200 2011
  Processing by PhotosController#upload as HTML
WARNING: Can't verify CSRF token authenticity
Rendered text template (0.0ms)
Completed 200 OK in 7ms (Views: 4.8ms | ActiveRecord: 0.0ms)


Started GET "/photos/new" for 127.0.0.1 at Fri Sep 16 00:44:20 +0200 2011
  Processing by PhotosController#new as HTML
Rendered photos/new.html.erb within layouts/application (12.3ms)
Completed 200 OK in 21ms (Views: 20.4ms | ActiveRecord: 0.3ms)


Started GET "/assets/application.css?body=1" for 127.0.0.1 at Fri Sep 16 00:44:20 +0200 2011
Served asset /application.css - 304 Not Modified (0ms)


Started GET "/assets/jquery_ujs.js?body=1" for 127.0.0.1 at Fri Sep 16 00:44:20 +0200 2011
Served asset /jquery_ujs.js - 304 Not Modified (0ms)


Started GET "/assets/webcam.js?body=1" for 127.0.0.1 at Fri Sep 16 00:44:20 +0200 2011
Served asset /webcam.js - 304 Not Modified (0ms)


Started GET "/assets/application.js?body=1" for 127.0.0.1 at Fri Sep 16 00:44:20 +0200 2011
Served asset /application.js - 304 Not Modified (0ms)


Started GET "/assets/jquery.js?body=1" for 127.0.0.1 at Fri Sep 16 00:44:20 +0200 2011
Served asset /jquery.js - 304 Not Modified (0ms)


Started POST "/photos/upload" for 127.0.0.1 at Fri Sep 16 00:44:27 +0200 2011
  Processing by PhotosController#upload as HTML
WARNING: Can't verify CSRF token authenticity
Rendered text template (0.0ms)
Completed 200 OK in 6ms (Views: 4.4ms | ActiveRecord: 0.0ms)


Started GET "/photos/new" for 127.0.0.1 at Fri Sep 16 00:44:49 +0200 2011
  Processing by PhotosController#new as HTML
Rendered photos/new.html.erb within layouts/application (9.8ms)
Completed 200 OK in 27ms (Views: 26.2ms | ActiveRecord: 0.3ms)


Started GET "/assets/application.css?body=1" for 127.0.0.1 at Fri Sep 16 00:44:49 +0200 2011
Served asset /application.css - 304 Not Modified (0ms)


Started GET "/assets/jquery.js?body=1" for 127.0.0.1 at Fri Sep 16 00:44:49 +0200 2011
Served asset /jquery.js - 304 Not Modified (0ms)


Started GET "/assets/jquery_ujs.js?body=1" for 127.0.0.1 at Fri Sep 16 00:44:49 +0200 2011
Served asset /jquery_ujs.js - 304 Not Modified (0ms)


Started GET "/assets/webcam.js?body=1" for 127.0.0.1 at Fri Sep 16 00:44:49 +0200 2011
Served asset /webcam.js - 304 Not Modified (0ms)


Started GET "/assets/application.js?body=1" for 127.0.0.1 at Fri Sep 16 00:44:49 +0200 2011
Served asset /application.js - 304 Not Modified (0ms)


Started POST "/photos/upload" for 127.0.0.1 at Fri Sep 16 00:45:00 +0200 2011
  Processing by PhotosController#upload as HTML
WARNING: Can't verify CSRF token authenticity
Rendered text template (0.0ms)
Completed 200 OK in 6ms (Views: 4.6ms | ActiveRecord: 0.0ms)


Started POST "/photos" for 127.0.0.1 at Fri Sep 16 00:45:06 +0200 2011
  Processing by PhotosController#create as HTML
  Parameters: {"photo"=>{"description"=>"Test photo"}, "commit"=>"Save the photo", "authenticity_token"=>"3J8A4eE3KTKjXfuK7DQ1VhgzxnjgrhNEK+6jFmkrUbE=", "utf8"=>"\342\234\223"}
WARNING: Can't verify CSRF token authenticity
  [1m[36mSQL (150.3ms)[0m  [1mINSERT INTO "photos" ("created_at", "description", "image_content_type", "image_file_name", "image_file_size", "image_updated_at", "updated_at") VALUES (?, ?, ?, ?, ?, ?, ?)[0m  [["created_at", Thu, 15 Sep 2011 22:45:07 UTC +00:00], ["description", "Test photo"], ["image_content_type", "image/jpeg"], ["image_file_name", ".jpg"], ["image_file_size", 93587], ["image_updated_at", Thu, 15 Sep 2011 22:45:06 UTC +00:00], ["updated_at", Thu, 15 Sep 2011 22:45:07 UTC +00:00]]
[paperclip] Saving attachments.
[paperclip] saving /Users/lassebunk/dev/web/webcam_app2/public/system/images/1/thumb/.jpg
[paperclip] saving /Users/lassebunk/dev/web/webcam_app2/public/system/images/1/original/.jpg
[paperclip] saving /Users/lassebunk/dev/web/webcam_app2/public/system/images/1/medium/.jpg
Redirected to http://localhost:3000/photos/1
Completed 302 Found in 1879ms


Started GET "/photos/1" for 127.0.0.1 at Fri Sep 16 00:45:08 +0200 2011
  Processing by PhotosController#show as HTML
  Parameters: {"id"=>"1"}
  [1m[35mPhoto Load (0.2ms)[0m  SELECT "photos".* FROM "photos" WHERE "photos"."id" = ? LIMIT 1  [["id", "1"]]
Rendered photos/show.html.erb within layouts/application (8.2ms)
Completed 200 OK in 55ms (Views: 51.3ms | ActiveRecord: 0.6ms)


Started GET "/assets/application.css?body=1" for 127.0.0.1 at Fri Sep 16 00:45:08 +0200 2011
Served asset /application.css - 304 Not Modified (0ms)


Started GET "/assets/jquery.js?body=1" for 127.0.0.1 at Fri Sep 16 00:45:08 +0200 2011
Served asset /jquery.js - 304 Not Modified (0ms)


Started GET "/assets/jquery_ujs.js?body=1" for 127.0.0.1 at Fri Sep 16 00:45:08 +0200 2011
Served asset /jquery_ujs.js - 304 Not Modified (0ms)


Started GET "/assets/webcam.js?body=1" for 127.0.0.1 at Fri Sep 16 00:45:08 +0200 2011
Served asset /webcam.js - 304 Not Modified (0ms)


Started GET "/assets/application.js?body=1" for 127.0.0.1 at Fri Sep 16 00:45:08 +0200 2011
Served asset /application.js - 304 Not Modified (0ms)
  [1m[36m (0.1ms)[0m  [1mselect sqlite_version(*)[0m
  [1m[35m (154.2ms)[0m  CREATE TABLE "schema_migrations" ("version" varchar(255) NOT NULL) 
  [1m[36m (0.1ms)[0m  [1mPRAGMA index_list("schema_migrations")[0m
  [1m[35m (93.4ms)[0m  CREATE UNIQUE INDEX "unique_schema_migrations" ON "schema_migrations" ("version")
  [1m[36m (0.1ms)[0m  [1mSELECT "schema_migrations"."version" FROM "schema_migrations" [0m
Migrating to CreatePhotos (20110218224234)
  [1m[35m (0.7ms)[0m  CREATE TABLE "photos" ("id" INTEGER PRIMARY KEY AUTOINCREMENT NOT NULL, "description" varchar(255), "created_at" datetime, "updated_at" datetime) 
  [1m[36m (0.2ms)[0m  [1mINSERT INTO "schema_migrations" ("version") VALUES ('20110218224234')[0m
Migrating to AddAttachmentImageToPhoto (20110218232056)
  [1m[35m (0.6ms)[0m  ALTER TABLE "photos" ADD "image_file_name" varchar(255)
  [1m[36m (0.3ms)[0m  [1mALTER TABLE "photos" ADD "image_content_type" varchar(255)[0m
  [1m[35m (0.3ms)[0m  ALTER TABLE "photos" ADD "image_file_size" integer
  [1m[36m (0.4ms)[0m  [1mALTER TABLE "photos" ADD "image_updated_at" datetime[0m
  [1m[35m (0.2ms)[0m  INSERT INTO "schema_migrations" ("version") VALUES ('20110218232056')
  [1m[36m (0.2ms)[0m  [1mselect sqlite_version(*)[0m
  [1m[35m (0.1ms)[0m  SELECT "schema_migrations"."version" FROM "schema_migrations" 
  [1m[36m (0.0ms)[0m  [1mPRAGMA index_list("photos")[0m


Started GET "/" for 127.0.0.1 at Sat Nov 12 03:20:02 +0000 2011


Started GET "/photos" for 127.0.0.1 at Sat Nov 12 03:20:02 +0000 2011
  Processing by PhotosController#index as HTML
  [1m[36mPhoto Load (0.2ms)[0m  [1mSELECT "photos".* FROM "photos" [0m
Rendered photos/index.html.erb within layouts/application (2.5ms)
Compiled application.css  (1ms)  (pid 6903)
Compiled application.js  (60ms)  (pid 6903)
Compiled jquery.js  (4ms)  (pid 6903)
Compiled jquery_ujs.js  (1ms)  (pid 6903)
Compiled webcam.js  (0ms)  (pid 6903)
Completed 200 OK in 132ms (Views: 130.1ms | ActiveRecord: 0.2ms)


Started GET "/assets/application.css?body=1" for 127.0.0.1 at Sat Nov 12 03:20:02 +0000 2011
Served asset /application.css - 200 OK (4ms)


Started GET "/assets/jquery.js?body=1" for 127.0.0.1 at Sat Nov 12 03:20:02 +0000 2011
Served asset /jquery.js - 200 OK (6ms)


Started GET "/assets/jquery_ujs.js?body=1" for 127.0.0.1 at Sat Nov 12 03:20:02 +0000 2011
Served asset /jquery_ujs.js - 200 OK (4ms)


Started GET "/assets/webcam.js?body=1" for 127.0.0.1 at Sat Nov 12 03:20:03 +0000 2011
Served asset /webcam.js - 200 OK (3ms)


Started GET "/assets/application.js?body=1" for 127.0.0.1 at Sat Nov 12 03:20:03 +0000 2011
Served asset /application.js - 200 OK (3ms)


Started GET "/photos/new" for 127.0.0.1 at Sat Nov 12 03:20:04 +0000 2011
  Processing by PhotosController#new as HTML
Rendered photos/new.html.erb within layouts/application (10.4ms)
Completed 200 OK in 18ms (Views: 16.9ms | ActiveRecord: 0.3ms)


Started GET "/assets/application.css?body=1" for 127.0.0.1 at Sat Nov 12 03:20:04 +0000 2011
Served asset /application.css - 304 Not Modified (0ms)


Started GET "/assets/jquery.js?body=1" for 127.0.0.1 at Sat Nov 12 03:20:04 +0000 2011
Served asset /jquery.js - 304 Not Modified (0ms)


Started GET "/assets/application.js?body=1" for 127.0.0.1 at Sat Nov 12 03:20:04 +0000 2011
Served asset /application.js - 304 Not Modified (0ms)


Started GET "/assets/jquery_ujs.js?body=1" for 127.0.0.1 at Sat Nov 12 03:20:04 +0000 2011
Served asset /jquery_ujs.js - 304 Not Modified (0ms)


Started GET "/assets/webcam.js?body=1" for 127.0.0.1 at Sat Nov 12 03:20:04 +0000 2011
Served asset /webcam.js - 304 Not Modified (0ms)


Started POST "/photos/upload" for 127.0.0.1 at Sat Nov 12 03:20:14 +0000 2011
  Processing by PhotosController#upload as HTML
WARNING: Can't verify CSRF token authenticity
Rendered text template (0.0ms)
Completed 200 OK in 6ms (Views: 4.8ms | ActiveRecord: 0.0ms)


Started POST "/photos" for 127.0.0.1 at Sat Nov 12 03:20:21 +0000 2011
  Processing by PhotosController#create as HTML
  Parameters: {"photo"=>{"description"=>"ola eu sou linduuuh :D"}, "commit"=>"Save the photo", "authenticity_token"=>"OBqhaoofLc0V9JagK3/ngr6qunSJR/DFmuPX6kOAm6M=", "utf8"=>"✓"}
WARNING: Can't verify CSRF token authenticity
[paperclip] An error was received while processing: #<Paperclip::CommandNotFoundError: Could not run the `identify` command. Please install ImageMagick.>
[paperclip] An error was received while processing: #<Paperclip::CommandNotFoundError: Could not run the `identify` command. Please install ImageMagick.>
Redirected to http://localhost:3000/photos
Completed 302 Found in 88ms


Started GET "/photos" for 127.0.0.1 at Sat Nov 12 03:20:21 +0000 2011
  Processing by PhotosController#index as HTML
  [1m[35mPhoto Load (0.1ms)[0m  SELECT "photos".* FROM "photos" 
Rendered photos/index.html.erb within layouts/application (0.5ms)
Completed 200 OK in 9ms (Views: 7.4ms | ActiveRecord: 0.3ms)


Started GET "/assets/application.css?body=1" for 127.0.0.1 at Sat Nov 12 03:20:21 +0000 2011
Served asset /application.css - 304 Not Modified (0ms)


Started GET "/assets/webcam.js?body=1" for 127.0.0.1 at Sat Nov 12 03:20:21 +0000 2011
Served asset /webcam.js - 304 Not Modified (0ms)


Started GET "/assets/application.js?body=1" for 127.0.0.1 at Sat Nov 12 03:20:21 +0000 2011
Served asset /application.js - 304 Not Modified (0ms)


Started GET "/assets/jquery_ujs.js?body=1" for 127.0.0.1 at Sat Nov 12 03:20:21 +0000 2011
Served asset /jquery_ujs.js - 304 Not Modified (0ms)


Started GET "/assets/jquery.js?body=1" for 127.0.0.1 at Sat Nov 12 03:20:21 +0000 2011
Served asset /jquery.js - 304 Not Modified (0ms)


Started GET "/photos/new" for 127.0.0.1 at Sat Nov 12 03:22:17 +0000 2011
  Processing by PhotosController#new as HTML
Rendered photos/new.html.erb within layouts/application (8.0ms)
Completed 200 OK in 15ms (Views: 13.9ms | ActiveRecord: 0.3ms)


Started GET "/assets/application.css?body=1" for 127.0.0.1 at Sat Nov 12 03:22:17 +0000 2011
Served asset /application.css - 304 Not Modified (0ms)


Started GET "/assets/jquery.js?body=1" for 127.0.0.1 at Sat Nov 12 03:22:17 +0000 2011
Served asset /jquery.js - 304 Not Modified (0ms)


Started GET "/assets/jquery_ujs.js?body=1" for 127.0.0.1 at Sat Nov 12 03:22:17 +0000 2011
Served asset /jquery_ujs.js - 304 Not Modified (0ms)


Started GET "/assets/webcam.js?body=1" for 127.0.0.1 at Sat Nov 12 03:22:17 +0000 2011
Served asset /webcam.js - 304 Not Modified (0ms)


Started GET "/assets/application.js?body=1" for 127.0.0.1 at Sat Nov 12 03:22:17 +0000 2011
Served asset /application.js - 304 Not Modified (0ms)


Started POST "/photos/upload" for 127.0.0.1 at Sat Nov 12 03:22:26 +0000 2011
  Processing by PhotosController#upload as HTML
WARNING: Can't verify CSRF token authenticity
Rendered text template (0.0ms)
Completed 200 OK in 6ms (Views: 4.7ms | ActiveRecord: 0.0ms)


Started POST "/photos" for 127.0.0.1 at Sat Nov 12 03:22:30 +0000 2011
  Processing by PhotosController#create as HTML
  Parameters: {"photo"=>{"description"=>"ss"}, "commit"=>"Save the photo", "authenticity_token"=>"Y8OM1gmKchqMZvJCpmvnj8GjcVuBe5BW/x7qCqK8O4I=", "utf8"=>"✓"}
WARNING: Can't verify CSRF token authenticity
[paperclip] An error was received while processing: #<Paperclip::CommandNotFoundError: Could not run the `identify` command. Please install ImageMagick.>
[paperclip] An error was received while processing: #<Paperclip::CommandNotFoundError: Could not run the `identify` command. Please install ImageMagick.>
Redirected to http://localhost:3000/photos
Completed 302 Found in 89ms


Started GET "/photos" for 127.0.0.1 at Sat Nov 12 03:22:30 +0000 2011
  Processing by PhotosController#index as HTML
  [1m[36mPhoto Load (0.1ms)[0m  [1mSELECT "photos".* FROM "photos" [0m
Rendered photos/index.html.erb within layouts/application (0.5ms)
Completed 200 OK in 9ms (Views: 7.3ms | ActiveRecord: 0.3ms)


Started GET "/assets/application.css?body=1" for 127.0.0.1 at Sat Nov 12 03:22:31 +0000 2011
Served asset /application.css - 304 Not Modified (0ms)


Started GET "/assets/jquery.js?body=1" for 127.0.0.1 at Sat Nov 12 03:22:31 +0000 2011
Served asset /jquery.js - 304 Not Modified (0ms)


Started GET "/assets/webcam.js?body=1" for 127.0.0.1 at Sat Nov 12 03:22:31 +0000 2011
Served asset /webcam.js - 304 Not Modified (0ms)


Started GET "/assets/jquery_ujs.js?body=1" for 127.0.0.1 at Sat Nov 12 03:22:31 +0000 2011
Served asset /jquery_ujs.js - 304 Not Modified (0ms)


Started GET "/assets/application.js?body=1" for 127.0.0.1 at Sat Nov 12 03:22:31 +0000 2011
Served asset /application.js - 304 Not Modified (0ms)


Started GET "/" for 127.0.0.1 at Sat Nov 12 03:23:24 +0000 2011


Started GET "/photos" for 127.0.0.1 at Sat Nov 12 03:23:24 +0000 2011
  Processing by PhotosController#index as HTML
  [1m[35mPhoto Load (0.1ms)[0m  SELECT "photos".* FROM "photos" 
Rendered photos/index.html.erb within layouts/application (0.7ms)
Completed 200 OK in 11ms (Views: 9.2ms | ActiveRecord: 0.3ms)


Started GET "/assets/application.css?body=1" for 127.0.0.1 at Sat Nov 12 03:23:24 +0000 2011
Served asset /application.css - 200 OK (0ms)


Started GET "/assets/jquery_ujs.js?body=1" for 127.0.0.1 at Sat Nov 12 03:23:24 +0000 2011
Served asset /jquery_ujs.js - 200 OK (0ms)


Started GET "/assets/jquery.js?body=1" for 127.0.0.1 at Sat Nov 12 03:23:24 +0000 2011
Served asset /jquery.js - 200 OK (0ms)


Started GET "/assets/webcam.js?body=1" for 127.0.0.1 at Sat Nov 12 03:23:24 +0000 2011
Served asset /webcam.js - 200 OK (0ms)


Started GET "/assets/application.js?body=1" for 127.0.0.1 at Sat Nov 12 03:23:24 +0000 2011
Served asset /application.js - 200 OK (0ms)


Started GET "/photos/new" for 127.0.0.1 at Sat Nov 12 03:23:26 +0000 2011
  Processing by PhotosController#new as HTML
Rendered photos/new.html.erb within layouts/application (8.8ms)
Completed 200 OK in 16ms (Views: 15.0ms | ActiveRecord: 0.3ms)


Started POST "/photos/upload" for 127.0.0.1 at Sat Nov 12 03:23:32 +0000 2011
  Processing by PhotosController#upload as HTML
WARNING: Can't verify CSRF token authenticity
Rendered text template (0.0ms)
Completed 200 OK in 5ms (Views: 3.6ms | ActiveRecord: 0.0ms)


Started POST "/photos" for 127.0.0.1 at Sat Nov 12 03:23:35 +0000 2011
  Processing by PhotosController#create as HTML
  Parameters: {"photo"=>{"description"=>"asfs"}, "commit"=>"Save the photo", "authenticity_token"=>"Ygwdhb78GEHoEDfgslGZWXV7cGHjSPo4JnC9miVchuE=", "utf8"=>"✓"}
WARNING: Can't verify CSRF token authenticity
[paperclip] An error was received while processing: #<Paperclip::CommandNotFoundError: Could not run the `identify` command. Please install ImageMagick.>
[paperclip] An error was received while processing: #<Paperclip::CommandNotFoundError: Could not run the `identify` command. Please install ImageMagick.>
Redirected to http://localhost:3000/photos
Completed 302 Found in 114ms


Started GET "/photos" for 127.0.0.1 at Sat Nov 12 03:23:35 +0000 2011
  Processing by PhotosController#index as HTML
  [1m[36mPhoto Load (0.1ms)[0m  [1mSELECT "photos".* FROM "photos" [0m
Rendered photos/index.html.erb within layouts/application (0.5ms)
Completed 200 OK in 85ms (Views: 83.4ms | ActiveRecord: 0.3ms)


Started GET "/photos" for 127.0.0.1 at Sat Nov 12 03:24:37 +0000 2011
  Processing by PhotosController#index as HTML
  [1m[36mPhoto Load (0.2ms)[0m  [1mSELECT "photos".* FROM "photos" [0m
Rendered photos/index.html.erb within layouts/application (2.2ms)
Completed 200 OK in 23ms (Views: 21.8ms | ActiveRecord: 0.2ms)


Started GET "/assets/application.css?body=1" for 127.0.0.1 at Sat Nov 12 03:24:37 +0000 2011
Served asset /application.css - 304 Not Modified (0ms)


Started GET "/assets/webcam.js?body=1" for 127.0.0.1 at Sat Nov 12 03:24:37 +0000 2011
Served asset /webcam.js - 304 Not Modified (3ms)


Started GET "/assets/jquery_ujs.js?body=1" for 127.0.0.1 at Sat Nov 12 03:24:37 +0000 2011
Served asset /jquery_ujs.js - 304 Not Modified (2ms)


Started GET "/assets/jquery.js?body=1" for 127.0.0.1 at Sat Nov 12 03:24:37 +0000 2011
Served asset /jquery.js - 304 Not Modified (2ms)


Started GET "/assets/application.js?body=1" for 127.0.0.1 at Sat Nov 12 03:24:37 +0000 2011
Served asset /application.js - 304 Not Modified (0ms)


Started GET "/photos/new" for 127.0.0.1 at Sat Nov 12 03:24:42 +0000 2011
  Processing by PhotosController#new as HTML
Rendered photos/new.html.erb within layouts/application (9.9ms)
Completed 200 OK in 17ms (Views: 16.1ms | ActiveRecord: 0.3ms)


Started GET "/assets/application.css?body=1" for 127.0.0.1 at Sat Nov 12 03:24:43 +0000 2011
Served asset /application.css - 304 Not Modified (0ms)


Started GET "/assets/jquery.js?body=1" for 127.0.0.1 at Sat Nov 12 03:24:43 +0000 2011
Served asset /jquery.js - 304 Not Modified (0ms)


Started GET "/assets/application.js?body=1" for 127.0.0.1 at Sat Nov 12 03:24:43 +0000 2011
Served asset /application.js - 304 Not Modified (0ms)


Started GET "/assets/webcam.js?body=1" for 127.0.0.1 at Sat Nov 12 03:24:43 +0000 2011
Served asset /webcam.js - 304 Not Modified (0ms)


Started GET "/assets/jquery_ujs.js?body=1" for 127.0.0.1 at Sat Nov 12 03:24:43 +0000 2011
Served asset /jquery_ujs.js - 304 Not Modified (0ms)


Started POST "/photos/upload" for 127.0.0.1 at Sat Nov 12 03:24:51 +0000 2011
  Processing by PhotosController#upload as HTML
WARNING: Can't verify CSRF token authenticity
Rendered text template (0.0ms)
Completed 200 OK in 5ms (Views: 4.3ms | ActiveRecord: 0.0ms)


Started POST "/photos" for 127.0.0.1 at Sat Nov 12 03:24:53 +0000 2011
  Processing by PhotosController#create as HTML
  Parameters: {"photo"=>{"description"=>""}, "commit"=>"Save the photo", "authenticity_token"=>"lw4Q9srzUn95h17x6Wk2VUCvuWMe5R16TneNJ9UHziU=", "utf8"=>"✓"}
WARNING: Can't verify CSRF token authenticity
[paperclip] An error was received while processing: #<Paperclip::CommandNotFoundError: Could not run the `identify` command. Please install ImageMagick.>
[paperclip] An error was received while processing: #<Paperclip::CommandNotFoundError: Could not run the `identify` command. Please install ImageMagick.>
Redirected to http://localhost:3000/photos
Completed 302 Found in 60ms


Started GET "/photos" for 127.0.0.1 at Sat Nov 12 03:24:53 +0000 2011
  Processing by PhotosController#index as HTML
  [1m[35mPhoto Load (0.1ms)[0m  SELECT "photos".* FROM "photos" 
Rendered photos/index.html.erb within layouts/application (0.5ms)
Completed 200 OK in 10ms (Views: 8.3ms | ActiveRecord: 0.4ms)


Started GET "/assets/application.css?body=1" for 127.0.0.1 at Sat Nov 12 03:24:53 +0000 2011
Served asset /application.css - 304 Not Modified (0ms)


Started GET "/assets/jquery.js?body=1" for 127.0.0.1 at Sat Nov 12 03:24:53 +0000 2011
Served asset /jquery.js - 304 Not Modified (0ms)


Started GET "/assets/webcam.js?body=1" for 127.0.0.1 at Sat Nov 12 03:24:53 +0000 2011
Served asset /webcam.js - 304 Not Modified (0ms)


Started GET "/assets/jquery_ujs.js?body=1" for 127.0.0.1 at Sat Nov 12 03:24:53 +0000 2011
Served asset /jquery_ujs.js - 304 Not Modified (0ms)


Started GET "/assets/application.js?body=1" for 127.0.0.1 at Sat Nov 12 03:24:53 +0000 2011
Served asset /application.js - 304 Not Modified (0ms)


Started GET "/photos" for 127.0.0.1 at Sat Nov 12 03:28:05 +0000 2011
  Processing by PhotosController#index as HTML
  [1m[36mPhoto Load (0.2ms)[0m  [1mSELECT "photos".* FROM "photos" [0m
Rendered photos/index.html.erb within layouts/application (2.1ms)
Completed 200 OK in 21ms (Views: 20.1ms | ActiveRecord: 0.2ms)


Started GET "/assets/application.css?body=1" for 127.0.0.1 at Sat Nov 12 03:28:05 +0000 2011
Served asset /application.css - 304 Not Modified (0ms)


Started GET "/assets/jquery.js?body=1" for 127.0.0.1 at Sat Nov 12 03:28:05 +0000 2011
Served asset /jquery.js - 304 Not Modified (5ms)


Started GET "/assets/jquery_ujs.js?body=1" for 127.0.0.1 at Sat Nov 12 03:28:05 +0000 2011
Served asset /jquery_ujs.js - 304 Not Modified (2ms)


Started GET "/assets/webcam.js?body=1" for 127.0.0.1 at Sat Nov 12 03:28:05 +0000 2011
Served asset /webcam.js - 304 Not Modified (1ms)


Started GET "/assets/application.js?body=1" for 127.0.0.1 at Sat Nov 12 03:28:05 +0000 2011
Served asset /application.js - 304 Not Modified (0ms)


Started GET "/photos/new" for 127.0.0.1 at Sat Nov 12 03:28:06 +0000 2011
  Processing by PhotosController#new as HTML
Rendered photos/new.html.erb within layouts/application (9.9ms)
Completed 200 OK in 17ms (Views: 16.5ms | ActiveRecord: 0.3ms)


Started GET "/assets/application.css?body=1" for 127.0.0.1 at Sat Nov 12 03:28:06 +0000 2011
Served asset /application.css - 304 Not Modified (0ms)


Started GET "/assets/jquery.js?body=1" for 127.0.0.1 at Sat Nov 12 03:28:06 +0000 2011
Served asset /jquery.js - 304 Not Modified (0ms)


Started GET "/assets/jquery_ujs.js?body=1" for 127.0.0.1 at Sat Nov 12 03:28:06 +0000 2011
Served asset /jquery_ujs.js - 304 Not Modified (0ms)


Started GET "/assets/webcam.js?body=1" for 127.0.0.1 at Sat Nov 12 03:28:06 +0000 2011
Served asset /webcam.js - 304 Not Modified (0ms)


Started GET "/assets/application.js?body=1" for 127.0.0.1 at Sat Nov 12 03:28:06 +0000 2011
Served asset /application.js - 304 Not Modified (0ms)


Started POST "/photos/upload" for 127.0.0.1 at Sat Nov 12 03:28:18 +0000 2011
  Processing by PhotosController#upload as HTML
WARNING: Can't verify CSRF token authenticity
Rendered text template (0.0ms)
Completed 200 OK in 5ms (Views: 4.2ms | ActiveRecord: 0.0ms)


Started POST "/photos" for 127.0.0.1 at Sat Nov 12 03:28:19 +0000 2011
  Processing by PhotosController#create as HTML
  Parameters: {"photo"=>{"description"=>"wf"}, "commit"=>"Save the photo", "authenticity_token"=>"10QoSXXdxKcJ/JU3boNKc8mUJRkCHIAIrXVpKSLHvl8=", "utf8"=>"✓"}
WARNING: Can't verify CSRF token authenticity
  [1m[35mSQL (37.8ms)[0m  INSERT INTO "photos" ("created_at", "description", "image_content_type", "image_file_name", "image_file_size", "image_updated_at", "updated_at") VALUES (?, ?, ?, ?, ?, ?, ?)  [["created_at", Sat, 12 Nov 2011 03:28:19 UTC +00:00], ["description", "wf"], ["image_content_type", "image/jpeg"], ["image_file_name", ".jpg"], ["image_file_size", 70853], ["image_updated_at", Sat, 12 Nov 2011 03:28:19 UTC +00:00], ["updated_at", Sat, 12 Nov 2011 03:28:19 UTC +00:00]]
[paperclip] Saving attachments.
[paperclip] saving /home/rchicoria/projects/webcam_app/public/system/images/1/medium/.jpg
[paperclip] saving /home/rchicoria/projects/webcam_app/public/system/images/1/thumb/.jpg
[paperclip] saving /home/rchicoria/projects/webcam_app/public/system/images/1/original/.jpg
Redirected to http://localhost:3000/photos/1
Completed 302 Found in 368ms


Started GET "/photos/1" for 127.0.0.1 at Sat Nov 12 03:28:20 +0000 2011
  Processing by PhotosController#show as HTML
  Parameters: {"id"=>"1"}
  [1m[36mPhoto Load (0.1ms)[0m  [1mSELECT "photos".* FROM "photos" WHERE "photos"."id" = ? LIMIT 1[0m  [["id", "1"]]
Rendered photos/show.html.erb within layouts/application (6.9ms)
Completed 200 OK in 17ms (Views: 13.7ms | ActiveRecord: 0.5ms)


Started GET "/assets/application.css?body=1" for 127.0.0.1 at Sat Nov 12 03:28:20 +0000 2011
Served asset /application.css - 304 Not Modified (0ms)


Started GET "/assets/jquery_ujs.js?body=1" for 127.0.0.1 at Sat Nov 12 03:28:20 +0000 2011
Served asset /jquery_ujs.js - 304 Not Modified (0ms)


Started GET "/assets/jquery.js?body=1" for 127.0.0.1 at Sat Nov 12 03:28:20 +0000 2011
Served asset /jquery.js - 304 Not Modified (0ms)


Started GET "/assets/application.js?body=1" for 127.0.0.1 at Sat Nov 12 03:28:20 +0000 2011
Served asset /application.js - 304 Not Modified (0ms)


Started GET "/assets/webcam.js?body=1" for 127.0.0.1 at Sat Nov 12 03:28:20 +0000 2011
Served asset /webcam.js - 304 Not Modified (0ms)


Started GET "/photos" for 127.0.0.1 at Sat Nov 12 03:28:30 +0000 2011
  Processing by PhotosController#index as HTML
  [1m[35mPhoto Load (0.1ms)[0m  SELECT "photos".* FROM "photos" 
Rendered photos/index.html.erb within layouts/application (75.5ms)
Completed 200 OK in 85ms (Views: 83.3ms | ActiveRecord: 0.5ms)


Started GET "/assets/jquery_ujs.js?body=1" for 127.0.0.1 at Sat Nov 12 03:28:31 +0000 2011
Served asset /jquery_ujs.js - 304 Not Modified (0ms)


Started GET "/assets/jquery.js?body=1" for 127.0.0.1 at Sat Nov 12 03:28:31 +0000 2011
Served asset /jquery.js - 304 Not Modified (0ms)


Started GET "/assets/application.js?body=1" for 127.0.0.1 at Sat Nov 12 03:28:31 +0000 2011
Served asset /application.js - 304 Not Modified (0ms)


Started GET "/assets/webcam.js?body=1" for 127.0.0.1 at Sat Nov 12 03:28:31 +0000 2011
Served asset /webcam.js - 304 Not Modified (0ms)


Started GET "/assets/application.css?body=1" for 127.0.0.1 at Sat Nov 12 03:28:31 +0000 2011
Served asset /application.css - 304 Not Modified (0ms)


Started GET "/photos/1" for 127.0.0.1 at Sat Nov 12 03:29:00 +0000 2011
  Processing by PhotosController#show as HTML
  Parameters: {"id"=>"1"}
  [1m[36mPhoto Load (0.2ms)[0m  [1mSELECT "photos".* FROM "photos" WHERE "photos"."id" = ? LIMIT 1[0m  [["id", "1"]]
Rendered photos/show.html.erb within layouts/application (7.8ms)
Completed 200 OK in 20ms (Views: 17.0ms | ActiveRecord: 0.7ms)


Started GET "/assets/application.css?body=1" for 127.0.0.1 at Sat Nov 12 03:29:00 +0000 2011
Served asset /application.css - 304 Not Modified (0ms)


Started GET "/assets/jquery.js?body=1" for 127.0.0.1 at Sat Nov 12 03:29:00 +0000 2011
Served asset /jquery.js - 304 Not Modified (0ms)


Started GET "/assets/jquery_ujs.js?body=1" for 127.0.0.1 at Sat Nov 12 03:29:00 +0000 2011
Served asset /jquery_ujs.js - 304 Not Modified (0ms)


Started GET "/assets/webcam.js?body=1" for 127.0.0.1 at Sat Nov 12 03:29:00 +0000 2011
Served asset /webcam.js - 304 Not Modified (0ms)


Started GET "/assets/application.js?body=1" for 127.0.0.1 at Sat Nov 12 03:29:00 +0000 2011
Served asset /application.js - 304 Not Modified (0ms)


Started GET "/photos/new" for 127.0.0.1 at Sat Nov 12 03:31:30 +0000 2011
  Processing by PhotosController#new as HTML
Rendered photos/new.html.erb within layouts/application (71.0ms)
Completed 200 OK in 79ms (Views: 78.4ms | ActiveRecord: 0.3ms)


Started GET "/assets/application.css?body=1" for 127.0.0.1 at Sat Nov 12 03:31:30 +0000 2011
Served asset /application.css - 304 Not Modified (0ms)


Started GET "/assets/jquery.js?body=1" for 127.0.0.1 at Sat Nov 12 03:31:30 +0000 2011
Served asset /jquery.js - 304 Not Modified (0ms)


Started GET "/assets/jquery_ujs.js?body=1" for 127.0.0.1 at Sat Nov 12 03:31:30 +0000 2011
Served asset /jquery_ujs.js - 304 Not Modified (0ms)


Started GET "/assets/webcam.js?body=1" for 127.0.0.1 at Sat Nov 12 03:31:30 +0000 2011
Served asset /webcam.js - 304 Not Modified (0ms)


Started GET "/assets/application.js?body=1" for 127.0.0.1 at Sat Nov 12 03:31:30 +0000 2011
Served asset /application.js - 304 Not Modified (0ms)


Started POST "/photos/upload" for 127.0.0.1 at Sat Nov 12 03:31:39 +0000 2011
  Processing by PhotosController#upload as HTML
WARNING: Can't verify CSRF token authenticity
Completed 500 Internal Server Error in 46ms

ActionView::MissingTemplate (Missing template photos/upload, application/upload with {:formats=>[:html, :text, :js, :css, :ics, :csv, :xml, :yaml, :json], :handlers=>[:erb, :builder], :locale=>[:en, :en]}. Searched in:
  * "/home/rchicoria/projects/webcam_app/app/views"
):
  

Rendered /home/rchicoria/.rvm/gems/ruby-1.8.7-p352@rails3/gems/actionpack-3.1.0/lib/action_dispatch/middleware/templates/rescues/missing_template.erb within rescues/layout (0.7ms)


Started GET "/photos/new" for 127.0.0.1 at Sat Nov 12 03:31:49 +0000 2011
  Processing by PhotosController#new as HTML
Rendered photos/new.html.erb within layouts/application (12.0ms)
Completed 200 OK in 20ms (Views: 18.6ms | ActiveRecord: 0.3ms)


Started GET "/assets/application.css?body=1" for 127.0.0.1 at Sat Nov 12 03:31:49 +0000 2011
Served asset /application.css - 304 Not Modified (0ms)


Started GET "/assets/jquery.js?body=1" for 127.0.0.1 at Sat Nov 12 03:31:49 +0000 2011
Served asset /jquery.js - 304 Not Modified (0ms)


Started GET "/assets/jquery_ujs.js?body=1" for 127.0.0.1 at Sat Nov 12 03:31:49 +0000 2011
Served asset /jquery_ujs.js - 304 Not Modified (0ms)


Started GET "/assets/webcam.js?body=1" for 127.0.0.1 at Sat Nov 12 03:31:49 +0000 2011
Served asset /webcam.js - 304 Not Modified (0ms)


Started GET "/assets/application.js?body=1" for 127.0.0.1 at Sat Nov 12 03:31:49 +0000 2011
Served asset /application.js - 304 Not Modified (0ms)


Started POST "/photos/upload" for 127.0.0.1 at Sat Nov 12 03:31:55 +0000 2011
  Processing by PhotosController#upload as HTML
WARNING: Can't verify CSRF token authenticity
Completed 500 Internal Server Error in 7ms

ActionView::MissingTemplate (Missing template photos/upload, application/upload with {:formats=>[:html, :text, :js, :css, :ics, :csv, :xml, :yaml, :json], :handlers=>[:erb, :builder], :locale=>[:en, :en]}. Searched in:
  * "/home/rchicoria/projects/webcam_app/app/views"
):
  

Rendered /home/rchicoria/.rvm/gems/ruby-1.8.7-p352@rails3/gems/actionpack-3.1.0/lib/action_dispatch/middleware/templates/rescues/missing_template.erb within rescues/layout (0.4ms)


Started GET "/photos/new" for 127.0.0.1 at Sat Nov 12 03:32:17 +0000 2011
  Processing by PhotosController#new as HTML
Rendered photos/new.html.erb within layouts/application (14.3ms)
Completed 200 OK in 27ms (Views: 25.8ms | ActiveRecord: 0.5ms)


Started GET "/assets/application.css?body=1" for 127.0.0.1 at Sat Nov 12 03:32:17 +0000 2011
Served asset /application.css - 304 Not Modified (0ms)


Started GET "/assets/jquery_ujs.js?body=1" for 127.0.0.1 at Sat Nov 12 03:32:17 +0000 2011
Served asset /jquery_ujs.js - 304 Not Modified (0ms)


Started GET "/assets/jquery.js?body=1" for 127.0.0.1 at Sat Nov 12 03:32:17 +0000 2011
Served asset /jquery.js - 304 Not Modified (0ms)


Started GET "/assets/webcam.js?body=1" for 127.0.0.1 at Sat Nov 12 03:32:17 +0000 2011
Served asset /webcam.js - 304 Not Modified (0ms)


Started GET "/assets/application.js?body=1" for 127.0.0.1 at Sat Nov 12 03:32:17 +0000 2011
Served asset /application.js - 304 Not Modified (0ms)


Started POST "/photos/upload" for 127.0.0.1 at Sat Nov 12 03:32:23 +0000 2011
  Processing by PhotosController#upload as HTML
WARNING: Can't verify CSRF token authenticity
Rendered text template (0.0ms)
Completed 200 OK in 5ms (Views: 3.9ms | ActiveRecord: 0.0ms)


Started POST "/photos" for 127.0.0.1 at Sat Nov 12 03:32:24 +0000 2011
  Processing by PhotosController#create as HTML
  Parameters: {"photo"=>{"description"=>""}, "commit"=>"Save the photo", "authenticity_token"=>"YgVHCtKgFb2jY5D/CFEJccrwuZ66kjIBRUo/rqZbXHc=", "utf8"=>"✓"}
WARNING: Can't verify CSRF token authenticity
  [1m[35mSQL (1.3ms)[0m  INSERT INTO "photos" ("created_at", "description", "image_content_type", "image_file_name", "image_file_size", "image_updated_at", "updated_at") VALUES (?, ?, ?, ?, ?, ?, ?)  [["created_at", Sat, 12 Nov 2011 03:32:24 UTC +00:00], ["description", ""], ["image_content_type", "image/jpeg"], ["image_file_name", ".jpg"], ["image_file_size", 46829], ["image_updated_at", Sat, 12 Nov 2011 03:32:24 UTC +00:00], ["updated_at", Sat, 12 Nov 2011 03:32:24 UTC +00:00]]
[paperclip] Saving attachments.
[paperclip] saving /home/rchicoria/projects/webcam_app/public/system/images/2/medium/.jpg
[paperclip] saving /home/rchicoria/projects/webcam_app/public/system/images/2/thumb/.jpg
[paperclip] saving /home/rchicoria/projects/webcam_app/public/system/images/2/original/.jpg
Redirected to http://localhost:3000/photos/2
Completed 302 Found in 322ms


Started GET "/photos/2" for 127.0.0.1 at Sat Nov 12 03:32:25 +0000 2011
  Processing by PhotosController#show as HTML
  Parameters: {"id"=>"2"}
  [1m[36mPhoto Load (0.2ms)[0m  [1mSELECT "photos".* FROM "photos" WHERE "photos"."id" = ? LIMIT 1[0m  [["id", "2"]]
Rendered photos/show.html.erb within layouts/application (6.9ms)
Completed 200 OK in 19ms (Views: 15.6ms | ActiveRecord: 0.7ms)


Started GET "/assets/application.css?body=1" for 127.0.0.1 at Sat Nov 12 03:32:25 +0000 2011
Served asset /application.css - 304 Not Modified (0ms)


Started GET "/assets/jquery.js?body=1" for 127.0.0.1 at Sat Nov 12 03:32:25 +0000 2011
Served asset /jquery.js - 304 Not Modified (0ms)


Started GET "/assets/jquery_ujs.js?body=1" for 127.0.0.1 at Sat Nov 12 03:32:25 +0000 2011
Served asset /jquery_ujs.js - 304 Not Modified (0ms)


Started GET "/assets/webcam.js?body=1" for 127.0.0.1 at Sat Nov 12 03:32:25 +0000 2011
Served asset /webcam.js - 304 Not Modified (0ms)


Started GET "/assets/application.js?body=1" for 127.0.0.1 at Sat Nov 12 03:32:25 +0000 2011
Served asset /application.js - 304 Not Modified (0ms)


Started GET "/photos/2" for 127.0.0.1 at Sat Nov 12 03:34:15 +0000 2011
  Processing by PhotosController#show as HTML
  Parameters: {"id"=>"2"}
  [1m[35mPhoto Load (0.1ms)[0m  SELECT "photos".* FROM "photos" WHERE "photos"."id" = ? LIMIT 1  [["id", "2"]]
Rendered photos/show.html.erb within layouts/application (2.5ms)
Completed 200 OK in 100ms (Views: 13.0ms | ActiveRecord: 0.5ms)


Started GET "/assets/application.css?body=1" for 127.0.0.1 at Sat Nov 12 03:34:15 +0000 2011
Served asset /application.css - 304 Not Modified (0ms)


Started GET "/assets/jquery.js?body=1" for 127.0.0.1 at Sat Nov 12 03:34:15 +0000 2011
Served asset /jquery.js - 304 Not Modified (0ms)


Started GET "/assets/application.js?body=1" for 127.0.0.1 at Sat Nov 12 03:34:15 +0000 2011
Served asset /application.js - 304 Not Modified (0ms)


Started GET "/assets/webcam.js?body=1" for 127.0.0.1 at Sat Nov 12 03:34:15 +0000 2011
Served asset /webcam.js - 304 Not Modified (0ms)


Started GET "/assets/jquery_ujs.js?body=1" for 127.0.0.1 at Sat Nov 12 03:34:15 +0000 2011
Served asset /jquery_ujs.js - 304 Not Modified (0ms)


Started GET "/photos/new" for 127.0.0.1 at Sat Nov 12 03:34:16 +0000 2011
  Processing by PhotosController#new as HTML
Rendered photos/new.html.erb within layouts/application (8.5ms)
Completed 200 OK in 16ms (Views: 15.5ms | ActiveRecord: 0.3ms)


Started GET "/assets/application.css?body=1" for 127.0.0.1 at Sat Nov 12 03:34:16 +0000 2011
Served asset /application.css - 304 Not Modified (0ms)


Started GET "/assets/jquery.js?body=1" for 127.0.0.1 at Sat Nov 12 03:34:16 +0000 2011
Served asset /jquery.js - 304 Not Modified (0ms)


Started GET "/assets/jquery_ujs.js?body=1" for 127.0.0.1 at Sat Nov 12 03:34:16 +0000 2011
Served asset /jquery_ujs.js - 304 Not Modified (0ms)


Started GET "/assets/application.js?body=1" for 127.0.0.1 at Sat Nov 12 03:34:17 +0000 2011
Served asset /application.js - 304 Not Modified (0ms)


Started GET "/assets/webcam.js?body=1" for 127.0.0.1 at Sat Nov 12 03:34:17 +0000 2011
Served asset /webcam.js - 304 Not Modified (0ms)


Started POST "/photos/upload" for 127.0.0.1 at Sat Nov 12 03:34:26 +0000 2011
  Processing by PhotosController#upload as HTML
WARNING: Can't verify CSRF token authenticity
Rendered text template (0.0ms)
Completed 200 OK in 5ms (Views: 4.0ms | ActiveRecord: 0.0ms)


Started POST "/photos" for 127.0.0.1 at Sat Nov 12 03:34:28 +0000 2011
  Processing by PhotosController#create as HTML
  Parameters: {"photo"=>{"description"=>""}, "commit"=>"Save the photo", "authenticity_token"=>"qjrbCCnaGRaKIX/Iw9zARa8XS1s/NrNutHTpwQ+yvJc=", "utf8"=>"✓"}
WARNING: Can't verify CSRF token authenticity
  [1m[36mSQL (1.1ms)[0m  [1mINSERT INTO "photos" ("created_at", "description", "image_content_type", "image_file_name", "image_file_size", "image_updated_at", "updated_at") VALUES (?, ?, ?, ?, ?, ?, ?)[0m  [["created_at", Sat, 12 Nov 2011 03:34:28 UTC +00:00], ["description", ""], ["image_content_type", "image/jpeg"], ["image_file_name", ".jpg"], ["image_file_size", 65894], ["image_updated_at", Sat, 12 Nov 2011 03:34:28 UTC +00:00], ["updated_at", Sat, 12 Nov 2011 03:34:28 UTC +00:00]]
[paperclip] Saving attachments.
[paperclip] saving /home/rchicoria/projects/webcam_app/public/system/images/3/medium/.jpg
[paperclip] saving /home/rchicoria/projects/webcam_app/public/system/images/3/thumb/.jpg
[paperclip] saving /home/rchicoria/projects/webcam_app/public/system/images/3/original/.jpg
Redirected to http://localhost:3000/photos/3
Completed 302 Found in 292ms


Started GET "/photos/3" for 127.0.0.1 at Sat Nov 12 03:34:28 +0000 2011
  Processing by PhotosController#show as HTML
  Parameters: {"id"=>"3"}
  [1m[35mPhoto Load (0.2ms)[0m  SELECT "photos".* FROM "photos" WHERE "photos"."id" = ? LIMIT 1  [["id", "3"]]
Rendered photos/show.html.erb within layouts/application (1.5ms)
Completed 200 OK in 19ms (Views: 9.3ms | ActiveRecord: 0.7ms)


Started GET "/assets/application.css?body=1" for 127.0.0.1 at Sat Nov 12 03:34:29 +0000 2011
Served asset /application.css - 304 Not Modified (0ms)


Started GET "/assets/jquery.js?body=1" for 127.0.0.1 at Sat Nov 12 03:34:29 +0000 2011
Served asset /jquery.js - 304 Not Modified (0ms)


Started GET "/assets/webcam.js?body=1" for 127.0.0.1 at Sat Nov 12 03:34:29 +0000 2011
Served asset /webcam.js - 304 Not Modified (0ms)


Started GET "/assets/application.js?body=1" for 127.0.0.1 at Sat Nov 12 03:34:29 +0000 2011
Served asset /application.js - 304 Not Modified (0ms)


Started GET "/assets/jquery_ujs.js?body=1" for 127.0.0.1 at Sat Nov 12 03:34:29 +0000 2011
Served asset /jquery_ujs.js - 304 Not Modified (0ms)


Started GET "/photos/3" for 127.0.0.1 at Sat Nov 12 03:36:57 +0000 2011
  Processing by PhotosController#show as HTML
  Parameters: {"id"=>"3"}
  [1m[36mPhoto Load (0.2ms)[0m  [1mSELECT "photos".* FROM "photos" WHERE "photos"."id" = ? LIMIT 1[0m  [["id", "3"]]
Rendered photos/show.html.erb within layouts/application (1.7ms)
Completed 200 OK in 100ms (Views: 9.7ms | ActiveRecord: 0.8ms)


Started GET "/assets/application.css?body=1" for 127.0.0.1 at Sat Nov 12 03:36:57 +0000 2011
Served asset /application.css - 304 Not Modified (0ms)


Started GET "/assets/jquery.js?body=1" for 127.0.0.1 at Sat Nov 12 03:36:57 +0000 2011
Served asset /jquery.js - 304 Not Modified (0ms)


Started GET "/assets/jquery_ujs.js?body=1" for 127.0.0.1 at Sat Nov 12 03:36:57 +0000 2011
Served asset /jquery_ujs.js - 304 Not Modified (0ms)


Started GET "/assets/webcam.js?body=1" for 127.0.0.1 at Sat Nov 12 03:36:57 +0000 2011
Served asset /webcam.js - 304 Not Modified (0ms)


Started GET "/assets/application.js?body=1" for 127.0.0.1 at Sat Nov 12 03:36:57 +0000 2011
Served asset /application.js - 304 Not Modified (0ms)


Started GET "/photos/new" for 127.0.0.1 at Sat Nov 12 03:36:58 +0000 2011
  Processing by PhotosController#new as HTML
Rendered photos/new.html.erb within layouts/application (11.6ms)
Completed 200 OK in 21ms (Views: 19.8ms | ActiveRecord: 0.4ms)


Started GET "/assets/application.css?body=1" for 127.0.0.1 at Sat Nov 12 03:36:58 +0000 2011
Served asset /application.css - 304 Not Modified (0ms)


Started GET "/assets/jquery.js?body=1" for 127.0.0.1 at Sat Nov 12 03:36:58 +0000 2011
Served asset /jquery.js - 304 Not Modified (0ms)


Started GET "/assets/jquery_ujs.js?body=1" for 127.0.0.1 at Sat Nov 12 03:36:58 +0000 2011
Served asset /jquery_ujs.js - 304 Not Modified (0ms)


Started GET "/assets/webcam.js?body=1" for 127.0.0.1 at Sat Nov 12 03:36:58 +0000 2011
Served asset /webcam.js - 304 Not Modified (0ms)


Started GET "/assets/application.js?body=1" for 127.0.0.1 at Sat Nov 12 03:36:58 +0000 2011
Served asset /application.js - 304 Not Modified (0ms)


Started POST "/photos/upload" for 127.0.0.1 at Sat Nov 12 03:37:06 +0000 2011
  Processing by PhotosController#upload as HTML
WARNING: Can't verify CSRF token authenticity
Rendered text template (0.0ms)
Completed 200 OK in 4ms (Views: 3.6ms | ActiveRecord: 0.0ms)


Started POST "/photos" for 127.0.0.1 at Sat Nov 12 03:37:08 +0000 2011
  Processing by PhotosController#create as HTML
  Parameters: {"photo"=>{"description"=>""}, "commit"=>"Save the photo", "authenticity_token"=>"0kHG/xetkWHS8p+i9M1sFXhZ3ohJVdfXQKLA+teF+kc=", "utf8"=>"✓"}
WARNING: Can't verify CSRF token authenticity
  [1m[35mSQL (1.4ms)[0m  INSERT INTO "photos" ("created_at", "description", "image_content_type", "image_file_name", "image_file_size", "image_updated_at", "updated_at") VALUES (?, ?, ?, ?, ?, ?, ?)  [["created_at", Sat, 12 Nov 2011 03:37:08 UTC +00:00], ["description", ""], ["image_content_type", "image/jpeg"], ["image_file_name", "foto.jpg"], ["image_file_size", 54762], ["image_updated_at", Sat, 12 Nov 2011 03:37:08 UTC +00:00], ["updated_at", Sat, 12 Nov 2011 03:37:08 UTC +00:00]]
[paperclip] Saving attachments.
[paperclip] saving /home/rchicoria/projects/webcam_app/public/system/images/4/medium/foto.jpg
[paperclip] saving /home/rchicoria/projects/webcam_app/public/system/images/4/thumb/foto.jpg
[paperclip] saving /home/rchicoria/projects/webcam_app/public/system/images/4/original/foto.jpg
Redirected to http://localhost:3000/photos/4
Completed 302 Found in 339ms


Started GET "/photos/4" for 127.0.0.1 at Sat Nov 12 03:37:08 +0000 2011
  Processing by PhotosController#show as HTML
  Parameters: {"id"=>"4"}
  [1m[36mPhoto Load (0.1ms)[0m  [1mSELECT "photos".* FROM "photos" WHERE "photos"."id" = ? LIMIT 1[0m  [["id", "4"]]
Rendered photos/show.html.erb within layouts/application (1.6ms)
Completed 200 OK in 16ms (Views: 9.0ms | ActiveRecord: 0.5ms)


Started GET "/assets/application.css?body=1" for 127.0.0.1 at Sat Nov 12 03:37:08 +0000 2011
Served asset /application.css - 304 Not Modified (0ms)


Started GET "/assets/jquery.js?body=1" for 127.0.0.1 at Sat Nov 12 03:37:08 +0000 2011
Served asset /jquery.js - 304 Not Modified (0ms)


Started GET "/assets/application.js?body=1" for 127.0.0.1 at Sat Nov 12 03:37:08 +0000 2011
Served asset /application.js - 304 Not Modified (0ms)


Started GET "/assets/jquery_ujs.js?body=1" for 127.0.0.1 at Sat Nov 12 03:37:08 +0000 2011
Served asset /jquery_ujs.js - 304 Not Modified (0ms)


Started GET "/assets/webcam.js?body=1" for 127.0.0.1 at Sat Nov 12 03:37:08 +0000 2011
Served asset /webcam.js - 304 Not Modified (0ms)


Started GET "/photos/new" for 127.0.0.1 at Sat Nov 12 03:39:35 +0000 2011
  Processing by PhotosController#new as HTML
Rendered photos/new.html.erb within layouts/application (79.7ms)
Completed 200 OK in 88ms (Views: 87.0ms | ActiveRecord: 0.3ms)


Started GET "/assets/application.css?body=1" for 127.0.0.1 at Sat Nov 12 03:39:35 +0000 2011
Served asset /application.css - 304 Not Modified (0ms)


Started GET "/assets/jquery.js?body=1" for 127.0.0.1 at Sat Nov 12 03:39:35 +0000 2011
Served asset /jquery.js - 304 Not Modified (0ms)


Started GET "/assets/jquery_ujs.js?body=1" for 127.0.0.1 at Sat Nov 12 03:39:35 +0000 2011
Served asset /jquery_ujs.js - 304 Not Modified (0ms)


Started GET "/assets/webcam.js?body=1" for 127.0.0.1 at Sat Nov 12 03:39:35 +0000 2011
Served asset /webcam.js - 304 Not Modified (0ms)


Started GET "/assets/application.js?body=1" for 127.0.0.1 at Sat Nov 12 03:39:36 +0000 2011
Served asset /application.js - 304 Not Modified (0ms)


Started POST "/photos/upload" for 127.0.0.1 at Sat Nov 12 03:39:56 +0000 2011
  Processing by PhotosController#upload as HTML
WARNING: Can't verify CSRF token authenticity
Rendered text template (0.0ms)
Completed 200 OK in 5ms (Views: 3.8ms | ActiveRecord: 0.0ms)


Started POST "/photos" for 127.0.0.1 at Sat Nov 12 03:39:58 +0000 2011
  Processing by PhotosController#create as HTML
  Parameters: {"photo"=>{"description"=>""}, "commit"=>"Save the photo", "authenticity_token"=>"Q8IOKFobzfi3WprnjxyMksYpOHuotD+WdGg5Ey7bbLA=", "utf8"=>"✓"}
WARNING: Can't verify CSRF token authenticity
  [1m[35mSQL (1.1ms)[0m  INSERT INTO "photos" ("created_at", "description", "image_content_type", "image_file_name", "image_file_size", "image_updated_at", "updated_at") VALUES (?, ?, ?, ?, ?, ?, ?)  [["created_at", Sat, 12 Nov 2011 03:39:58 UTC +00:00], ["description", ""], ["image_content_type", "image/jpeg"], ["image_file_name", "foto.jpg"], ["image_file_size", 57176], ["image_updated_at", Sat, 12 Nov 2011 03:39:58 UTC +00:00], ["updated_at", Sat, 12 Nov 2011 03:39:58 UTC +00:00]]
[paperclip] Saving attachments.
[paperclip] saving /home/rchicoria/projects/webcam_app/public/system/images/5/medium/foto.jpg
[paperclip] saving /home/rchicoria/projects/webcam_app/public/system/images/5/thumb/foto.jpg
[paperclip] saving /home/rchicoria/projects/webcam_app/public/system/images/5/original/foto.jpg
Redirected to http://localhost:3000/photos/5
Completed 302 Found in 326ms


Started GET "/photos/5" for 127.0.0.1 at Sat Nov 12 03:39:58 +0000 2011
  Processing by PhotosController#show as HTML
  Parameters: {"id"=>"5"}
  [1m[36mPhoto Load (0.2ms)[0m  [1mSELECT "photos".* FROM "photos" WHERE "photos"."id" = ? LIMIT 1[0m  [["id", "5"]]
Rendered photos/show.html.erb within layouts/application (2.2ms)
Completed 200 OK in 17ms (Views: 9.4ms | ActiveRecord: 0.5ms)


Started GET "/assets/application.css?body=1" for 127.0.0.1 at Sat Nov 12 03:39:58 +0000 2011
Served asset /application.css - 304 Not Modified (0ms)


Started GET "/assets/jquery_ujs.js?body=1" for 127.0.0.1 at Sat Nov 12 03:39:58 +0000 2011
Served asset /jquery_ujs.js - 304 Not Modified (0ms)


Started GET "/assets/webcam.js?body=1" for 127.0.0.1 at Sat Nov 12 03:39:58 +0000 2011
Served asset /webcam.js - 304 Not Modified (0ms)


Started GET "/assets/application.js?body=1" for 127.0.0.1 at Sat Nov 12 03:39:58 +0000 2011
Served asset /application.js - 304 Not Modified (0ms)


Started GET "/assets/jquery.js?body=1" for 127.0.0.1 at Sat Nov 12 03:39:58 +0000 2011
Served asset /jquery.js - 304 Not Modified (0ms)


Started GET "/photos/new" for 127.0.0.1 at Sat Nov 12 03:46:16 +0000 2011
  Processing by PhotosController#new as HTML
Rendered photos/new.html.erb within layouts/application (8.8ms)
Completed 200 OK in 17ms (Views: 15.9ms | ActiveRecord: 0.3ms)


Started GET "/assets/application.css?body=1" for 127.0.0.1 at Sat Nov 12 03:46:16 +0000 2011
Served asset /application.css - 304 Not Modified (0ms)


Started GET "/assets/jquery.js?body=1" for 127.0.0.1 at Sat Nov 12 03:46:16 +0000 2011
Served asset /jquery.js - 304 Not Modified (0ms)


Started GET "/assets/jquery_ujs.js?body=1" for 127.0.0.1 at Sat Nov 12 03:46:16 +0000 2011
Served asset /jquery_ujs.js - 304 Not Modified (0ms)


Started GET "/assets/webcam.js?body=1" for 127.0.0.1 at Sat Nov 12 03:46:16 +0000 2011
Served asset /webcam.js - 304 Not Modified (0ms)


Started GET "/assets/application.js?body=1" for 127.0.0.1 at Sat Nov 12 03:46:16 +0000 2011
Served asset /application.js - 304 Not Modified (0ms)


Started POST "/photos/upload" for 127.0.0.1 at Sat Nov 12 03:46:23 +0000 2011
  Processing by PhotosController#upload as HTML
WARNING: Can't verify CSRF token authenticity
Rendered text template (0.0ms)
Completed 200 OK in 5ms (Views: 3.8ms | ActiveRecord: 0.0ms)


Started POST "/photos" for 127.0.0.1 at Sat Nov 12 03:46:25 +0000 2011
  Processing by PhotosController#create as HTML
  Parameters: {"photo"=>{"description"=>""}, "commit"=>"Save the photo", "authenticity_token"=>"yhy/gTDo0r8p5U6e6ZNkkRJxzm/9PfaRKPR3D2WEgmg=", "utf8"=>"✓"}
WARNING: Can't verify CSRF token authenticity
  [1m[35mSQL (0.6ms)[0m  INSERT INTO "photos" ("created_at", "description", "image_content_type", "image_file_name", "image_file_size", "image_updated_at", "updated_at") VALUES (?, ?, ?, ?, ?, ?, ?)  [["created_at", Sat, 12 Nov 2011 03:46:25 UTC +00:00], ["description", ""], ["image_content_type", "image/jpeg"], ["image_file_name", "foto.jpg"], ["image_file_size", 52208], ["image_updated_at", Sat, 12 Nov 2011 03:46:25 UTC +00:00], ["updated_at", Sat, 12 Nov 2011 03:46:25 UTC +00:00]]
[paperclip] Saving attachments.
[paperclip] saving /home/rchicoria/projects/webcam_app/public/system/images/6/medium/foto.jpg
[paperclip] saving /home/rchicoria/projects/webcam_app/public/system/images/6/thumb/foto.jpg
[paperclip] saving /home/rchicoria/projects/webcam_app/public/system/images/6/original/foto.jpg
Redirected to http://localhost:3000/photos/6
Completed 302 Found in 377ms


Started GET "/photos/6" for 127.0.0.1 at Sat Nov 12 03:46:25 +0000 2011
  Processing by PhotosController#show as HTML
  Parameters: {"id"=>"6"}
  [1m[36mPhoto Load (0.2ms)[0m  [1mSELECT "photos".* FROM "photos" WHERE "photos"."id" = ? LIMIT 1[0m  [["id", "6"]]
Rendered photos/show.html.erb within layouts/application (7.5ms)
Completed 200 OK in 1171ms (Views: 14.5ms | ActiveRecord: 0.5ms)


Started GET "/assets/application.css?body=1" for 127.0.0.1 at Sat Nov 12 03:46:27 +0000 2011
Served asset /application.css - 304 Not Modified (0ms)


Started GET "/assets/jquery_ujs.js?body=1" for 127.0.0.1 at Sat Nov 12 03:46:27 +0000 2011
Served asset /jquery_ujs.js - 304 Not Modified (0ms)


Started GET "/assets/webcam.js?body=1" for 127.0.0.1 at Sat Nov 12 03:46:27 +0000 2011
Served asset /webcam.js - 304 Not Modified (0ms)


Started GET "/assets/jquery.js?body=1" for 127.0.0.1 at Sat Nov 12 03:46:27 +0000 2011
Served asset /jquery.js - 304 Not Modified (0ms)


Started GET "/assets/application.js?body=1" for 127.0.0.1 at Sat Nov 12 03:46:27 +0000 2011
Served asset /application.js - 304 Not Modified (0ms)


Started GET "/photos/new" for 127.0.0.1 at Sat Nov 12 03:46:49 +0000 2011
  Processing by PhotosController#new as HTML
Rendered photos/new.html.erb within layouts/application (8.1ms)
Completed 200 OK in 16ms (Views: 15.2ms | ActiveRecord: 0.3ms)


Started GET "/assets/application.css?body=1" for 127.0.0.1 at Sat Nov 12 03:46:49 +0000 2011
Served asset /application.css - 304 Not Modified (0ms)


Started GET "/assets/jquery.js?body=1" for 127.0.0.1 at Sat Nov 12 03:46:49 +0000 2011
Served asset /jquery.js - 304 Not Modified (0ms)


Started GET "/assets/webcam.js?body=1" for 127.0.0.1 at Sat Nov 12 03:46:49 +0000 2011
Served asset /webcam.js - 304 Not Modified (0ms)


Started GET "/assets/jquery_ujs.js?body=1" for 127.0.0.1 at Sat Nov 12 03:46:49 +0000 2011
Served asset /jquery_ujs.js - 304 Not Modified (0ms)


Started GET "/assets/application.js?body=1" for 127.0.0.1 at Sat Nov 12 03:46:49 +0000 2011
Served asset /application.js - 304 Not Modified (0ms)


Started POST "/photos/upload" for 127.0.0.1 at Sat Nov 12 03:46:57 +0000 2011
  Processing by PhotosController#upload as HTML
WARNING: Can't verify CSRF token authenticity
Rendered text template (0.0ms)
Completed 200 OK in 5ms (Views: 4.1ms | ActiveRecord: 0.0ms)


Started POST "/photos" for 127.0.0.1 at Sat Nov 12 03:46:58 +0000 2011
  Processing by PhotosController#create as HTML
  Parameters: {"photo"=>{"description"=>""}, "commit"=>"Save the photo", "authenticity_token"=>"uru4gMlY93ePy+c1f93oaBOgY+5+WPYKretPL101KHg=", "utf8"=>"✓"}
WARNING: Can't verify CSRF token authenticity
  [1m[35mSQL (0.6ms)[0m  INSERT INTO "photos" ("created_at", "description", "image_content_type", "image_file_name", "image_file_size", "image_updated_at", "updated_at") VALUES (?, ?, ?, ?, ?, ?, ?)  [["created_at", Sat, 12 Nov 2011 03:46:58 UTC +00:00], ["description", ""], ["image_content_type", "image/jpeg"], ["image_file_name", "foto.jpg"], ["image_file_size", 61210], ["image_updated_at", Sat, 12 Nov 2011 03:46:58 UTC +00:00], ["updated_at", Sat, 12 Nov 2011 03:46:58 UTC +00:00]]
[paperclip] Saving attachments.
[paperclip] saving /home/rchicoria/projects/webcam_app/public/system/images/7/medium/foto.jpg
[paperclip] saving /home/rchicoria/projects/webcam_app/public/system/images/7/thumb/foto.jpg
[paperclip] saving /home/rchicoria/projects/webcam_app/public/system/images/7/original/foto.jpg
Redirected to http://localhost:3000/photos/7
Completed 302 Found in 289ms


Started GET "/photos/7" for 127.0.0.1 at Sat Nov 12 03:46:58 +0000 2011
  Processing by PhotosController#show as HTML
  Parameters: {"id"=>"7"}
  [1m[36mPhoto Load (0.1ms)[0m  [1mSELECT "photos".* FROM "photos" WHERE "photos"."id" = ? LIMIT 1[0m  [["id", "7"]]
Rendered photos/show.html.erb within layouts/application (7.9ms)
Completed 200 OK in 1087ms (Views: 15.3ms | ActiveRecord: 0.4ms)


Started GET "/assets/application.css?body=1" for 127.0.0.1 at Sat Nov 12 03:47:00 +0000 2011
Served asset /application.css - 304 Not Modified (0ms)


Started GET "/assets/jquery_ujs.js?body=1" for 127.0.0.1 at Sat Nov 12 03:47:00 +0000 2011
Served asset /jquery_ujs.js - 304 Not Modified (0ms)


Started GET "/assets/webcam.js?body=1" for 127.0.0.1 at Sat Nov 12 03:47:00 +0000 2011
Served asset /webcam.js - 304 Not Modified (0ms)


Started GET "/assets/jquery.js?body=1" for 127.0.0.1 at Sat Nov 12 03:47:00 +0000 2011
Served asset /jquery.js - 304 Not Modified (0ms)


Started GET "/assets/application.js?body=1" for 127.0.0.1 at Sat Nov 12 03:47:00 +0000 2011
Served asset /application.js - 304 Not Modified (0ms)


Started GET "/photos/new" for 127.0.0.1 at Sat Nov 12 03:49:34 +0000 2011
  Processing by PhotosController#new as HTML
Rendered photos/new.html.erb within layouts/application (8.3ms)
Completed 200 OK in 16ms (Views: 15.4ms | ActiveRecord: 0.3ms)


Started GET "/assets/application.css?body=1" for 127.0.0.1 at Sat Nov 12 03:49:34 +0000 2011
Served asset /application.css - 304 Not Modified (0ms)


Started GET "/assets/webcam.js?body=1" for 127.0.0.1 at Sat Nov 12 03:49:34 +0000 2011
Served asset /webcam.js - 304 Not Modified (0ms)


Started GET "/assets/jquery_ujs.js?body=1" for 127.0.0.1 at Sat Nov 12 03:49:34 +0000 2011
Served asset /jquery_ujs.js - 304 Not Modified (0ms)


Started GET "/assets/jquery.js?body=1" for 127.0.0.1 at Sat Nov 12 03:49:34 +0000 2011
Served asset /jquery.js - 304 Not Modified (0ms)


Started GET "/assets/application.js?body=1" for 127.0.0.1 at Sat Nov 12 03:49:34 +0000 2011
Served asset /application.js - 304 Not Modified (0ms)


Started POST "/photos/upload" for 127.0.0.1 at Sat Nov 12 03:49:41 +0000 2011
  Processing by PhotosController#upload as HTML
WARNING: Can't verify CSRF token authenticity
Rendered text template (0.0ms)
Completed 200 OK in 5ms (Views: 4.0ms | ActiveRecord: 0.0ms)


Started GET "/photos/new" for 127.0.0.1 at Sat Nov 12 03:49:43 +0000 2011
  Processing by PhotosController#new as HTML
Rendered photos/new.html.erb within layouts/application (8.6ms)
Completed 200 OK in 16ms (Views: 15.6ms | ActiveRecord: 0.3ms)


Started GET "/assets/application.css?body=1" for 127.0.0.1 at Sat Nov 12 03:49:43 +0000 2011
Served asset /application.css - 304 Not Modified (0ms)


Started GET "/assets/jquery_ujs.js?body=1" for 127.0.0.1 at Sat Nov 12 03:49:43 +0000 2011
Served asset /jquery_ujs.js - 304 Not Modified (0ms)


Started GET "/assets/jquery.js?body=1" for 127.0.0.1 at Sat Nov 12 03:49:43 +0000 2011
Served asset /jquery.js - 304 Not Modified (0ms)


Started GET "/assets/webcam.js?body=1" for 127.0.0.1 at Sat Nov 12 03:49:43 +0000 2011
Served asset /webcam.js - 304 Not Modified (0ms)


Started GET "/assets/application.js?body=1" for 127.0.0.1 at Sat Nov 12 03:49:43 +0000 2011
Served asset /application.js - 304 Not Modified (0ms)


Started POST "/photos/upload" for 127.0.0.1 at Sat Nov 12 03:49:52 +0000 2011
  Processing by PhotosController#upload as HTML
WARNING: Can't verify CSRF token authenticity
Rendered text template (0.0ms)
Completed 200 OK in 5ms (Views: 3.9ms | ActiveRecord: 0.0ms)


Started POST "/photos" for 127.0.0.1 at Sat Nov 12 03:49:54 +0000 2011
  Processing by PhotosController#create as HTML
  Parameters: {"photo"=>{"description"=>""}, "commit"=>"Save the photo", "authenticity_token"=>"8WAdxkBhae9JMbGjBDuSY0azQI+msTQwa3u31HCckYo=", "utf8"=>"✓"}
WARNING: Can't verify CSRF token authenticity
  [1m[35mSQL (1.0ms)[0m  INSERT INTO "photos" ("created_at", "description", "image_content_type", "image_file_name", "image_file_size", "image_updated_at", "updated_at") VALUES (?, ?, ?, ?, ?, ?, ?)  [["created_at", Sat, 12 Nov 2011 03:49:54 UTC +00:00], ["description", ""], ["image_content_type", "image/jpeg"], ["image_file_name", "foto.jpg"], ["image_file_size", 59509], ["image_updated_at", Sat, 12 Nov 2011 03:49:54 UTC +00:00], ["updated_at", Sat, 12 Nov 2011 03:49:54 UTC +00:00]]
[paperclip] Saving attachments.
[paperclip] saving /home/rchicoria/projects/webcam_app/public/system/images/8/medium/foto.jpg
[paperclip] saving /home/rchicoria/projects/webcam_app/public/system/images/8/thumb/foto.jpg
[paperclip] saving /home/rchicoria/projects/webcam_app/public/system/images/8/original/foto.jpg
Redirected to http://localhost:3000/photos/8
Completed 302 Found in 320ms


Started GET "/photos/8" for 127.0.0.1 at Sat Nov 12 03:49:54 +0000 2011
  Processing by PhotosController#show as HTML
  Parameters: {"id"=>"8"}
  [1m[36mPhoto Load (0.2ms)[0m  [1mSELECT "photos".* FROM "photos" WHERE "photos"."id" = ? LIMIT 1[0m  [["id", "8"]]
Rendered photos/show.html.erb within layouts/application (8.3ms)
Completed 200 OK in 1359ms (Views: 16.0ms | ActiveRecord: 0.5ms)


Started GET "/assets/application.css?body=1" for 127.0.0.1 at Sat Nov 12 03:49:55 +0000 2011
Served asset /application.css - 304 Not Modified (0ms)


Started GET "/assets/jquery.js?body=1" for 127.0.0.1 at Sat Nov 12 03:49:55 +0000 2011
Served asset /jquery.js - 304 Not Modified (0ms)


Started GET "/assets/jquery_ujs.js?body=1" for 127.0.0.1 at Sat Nov 12 03:49:55 +0000 2011
Served asset /jquery_ujs.js - 304 Not Modified (0ms)


Started GET "/assets/webcam.js?body=1" for 127.0.0.1 at Sat Nov 12 03:49:55 +0000 2011
Served asset /webcam.js - 304 Not Modified (0ms)


Started GET "/assets/application.js?body=1" for 127.0.0.1 at Sat Nov 12 03:49:55 +0000 2011
Served asset /application.js - 304 Not Modified (0ms)


Started GET "/photos/8" for 127.0.0.1 at Sat Nov 12 04:07:32 +0000 2011
  Processing by PhotosController#show as HTML
  Parameters: {"id"=>"8"}
  [1m[36mPhoto Load (0.2ms)[0m  [1mSELECT "photos".* FROM "photos" WHERE "photos"."id" = ? LIMIT 1[0m  [["id", "8"]]
Rendered photos/show.html.erb within layouts/application (9.5ms)
Completed 200 OK in 1094ms (Views: 31.2ms | ActiveRecord: 0.4ms)


Started GET "/assets/application.css?body=1" for 127.0.0.1 at Sat Nov 12 04:07:34 +0000 2011
Served asset /application.css - 304 Not Modified (0ms)


Started GET "/assets/jquery_ujs.js?body=1" for 127.0.0.1 at Sat Nov 12 04:07:34 +0000 2011
Served asset /jquery_ujs.js - 304 Not Modified (3ms)


Started GET "/assets/webcam.js?body=1" for 127.0.0.1 at Sat Nov 12 04:07:34 +0000 2011
Served asset /webcam.js - 304 Not Modified (1ms)


Started GET "/assets/jquery.js?body=1" for 127.0.0.1 at Sat Nov 12 04:07:34 +0000 2011
Served asset /jquery.js - 304 Not Modified (3ms)


Started GET "/assets/application.js?body=1" for 127.0.0.1 at Sat Nov 12 04:07:34 +0000 2011
Served asset /application.js - 304 Not Modified (0ms)


Started GET "/photos/new" for 127.0.0.1 at Sat Nov 12 04:07:35 +0000 2011
  Processing by PhotosController#new as HTML
Rendered photos/new.html.erb within layouts/application (8.8ms)
Completed 200 OK in 17ms (Views: 16.1ms | ActiveRecord: 0.3ms)


Started GET "/assets/application.css?body=1" for 127.0.0.1 at Sat Nov 12 04:07:35 +0000 2011
Served asset /application.css - 304 Not Modified (0ms)


Started GET "/assets/jquery.js?body=1" for 127.0.0.1 at Sat Nov 12 04:07:35 +0000 2011
Served asset /jquery.js - 304 Not Modified (0ms)


Started GET "/assets/jquery_ujs.js?body=1" for 127.0.0.1 at Sat Nov 12 04:07:35 +0000 2011
Served asset /jquery_ujs.js - 304 Not Modified (0ms)


Started GET "/assets/webcam.js?body=1" for 127.0.0.1 at Sat Nov 12 04:07:35 +0000 2011
Served asset /webcam.js - 304 Not Modified (0ms)


Started GET "/assets/application.js?body=1" for 127.0.0.1 at Sat Nov 12 04:07:35 +0000 2011
Served asset /application.js - 304 Not Modified (0ms)


Started POST "/photos/upload" for 127.0.0.1 at Sat Nov 12 04:07:59 +0000 2011
  Processing by PhotosController#upload as HTML
WARNING: Can't verify CSRF token authenticity
Rendered text template (0.0ms)
Completed 200 OK in 6ms (Views: 4.6ms | ActiveRecord: 0.0ms)


Started POST "/photos" for 127.0.0.1 at Sat Nov 12 04:08:00 +0000 2011
  Processing by PhotosController#create as HTML
  Parameters: {"photo"=>{"description"=>""}, "commit"=>"Save the photo", "authenticity_token"=>"nOjl0P8FYNLJH55uXH2hPeYxOFmKRB4jc6UJH1m+eoY=", "utf8"=>"✓"}
WARNING: Can't verify CSRF token authenticity
  [1m[35mSQL (12.6ms)[0m  INSERT INTO "photos" ("created_at", "description", "image_content_type", "image_file_name", "image_file_size", "image_updated_at", "updated_at") VALUES (?, ?, ?, ?, ?, ?, ?)  [["created_at", Sat, 12 Nov 2011 04:08:00 UTC +00:00], ["description", ""], ["image_content_type", "image/jpeg"], ["image_file_name", "foto.jpg"], ["image_file_size", 65682], ["image_updated_at", Sat, 12 Nov 2011 04:08:00 UTC +00:00], ["updated_at", Sat, 12 Nov 2011 04:08:00 UTC +00:00]]
[paperclip] Saving attachments.
[paperclip] saving /home/rchicoria/projects/HumanBot/public/system/images/9/original/foto.jpg
[paperclip] saving /home/rchicoria/projects/HumanBot/public/system/images/9/medium/foto.jpg
[paperclip] saving /home/rchicoria/projects/HumanBot/public/system/images/9/thumb/foto.jpg
Redirected to http://localhost:3000/photos/9
Completed 302 Found in 384ms


Started GET "/photos/9" for 127.0.0.1 at Sat Nov 12 04:08:00 +0000 2011
  Processing by PhotosController#show as HTML
  Parameters: {"id"=>"9"}
  [1m[36mPhoto Load (0.1ms)[0m  [1mSELECT "photos".* FROM "photos" WHERE "photos"."id" = ? LIMIT 1[0m  [["id", "9"]]
Rendered photos/show.html.erb within layouts/application (7.6ms)
Completed 200 OK in 1261ms (Views: 14.6ms | ActiveRecord: 0.5ms)


Started GET "/assets/application.css?body=1" for 127.0.0.1 at Sat Nov 12 04:08:02 +0000 2011
Served asset /application.css - 304 Not Modified (0ms)


Started GET "/assets/jquery.js?body=1" for 127.0.0.1 at Sat Nov 12 04:08:02 +0000 2011
Served asset /jquery.js - 304 Not Modified (0ms)


Started GET "/assets/jquery_ujs.js?body=1" for 127.0.0.1 at Sat Nov 12 04:08:02 +0000 2011
Served asset /jquery_ujs.js - 304 Not Modified (0ms)


Started GET "/assets/application.js?body=1" for 127.0.0.1 at Sat Nov 12 04:08:02 +0000 2011
Served asset /application.js - 304 Not Modified (0ms)


Started GET "/assets/webcam.js?body=1" for 127.0.0.1 at Sat Nov 12 04:08:02 +0000 2011
Served asset /webcam.js - 304 Not Modified (0ms)
